[0.009s] Invoking command in '/home/xi/Documents/RINS/ROS2/build/dis_homework1': CMAKE_PREFIX_PATH=${CMAKE_PREFIX_PATH}:/home/xi/Documents/RINS/ROS2/install/dis_tutorial2:/opt/ros/humble /usr/bin/cmake /home/xi/Documents/RINS/ROS2/src/dis_homework1 -DAMENT_CMAKE_SYMLINK_INSTALL=1 -DCMAKE_INSTALL_PREFIX=/home/xi/Documents/RINS/ROS2/install/dis_homework1
[0.056s] -- The C compiler identification is GNU 11.4.0
[0.108s] -- The CXX compiler identification is GNU 11.4.0
[0.114s] -- Detecting C compiler ABI info
[0.174s] -- Detecting C compiler ABI info - done
[0.180s] -- Check for working C compiler: /usr/bin/cc - skipped
[0.181s] -- Detecting C compile features
[0.181s] -- Detecting C compile features - done
[0.184s] -- Detecting CXX compiler ABI info
[0.259s] -- Detecting CXX compiler ABI info - done
[0.266s] -- Check for working CXX compiler: /usr/bin/c++ - skipped
[0.266s] -- Detecting CXX compile features
[0.267s] -- Detecting CXX compile features - done
[0.269s] -- Found ament_cmake: 1.3.11 (/opt/ros/humble/share/ament_cmake/cmake)
[0.402s] -- Found Python3: /usr/bin/python3 (found version "3.10.12") found components: Interpreter 
[0.459s] -- Override CMake install command with custom implementation using symlinks instead of copying resources
[0.478s] -- Found rclcpp: 16.0.11 (/opt/ros/humble/share/rclcpp/cmake)
[0.511s] -- Found rosidl_generator_c: 3.1.6 (/opt/ros/humble/share/rosidl_generator_c/cmake)
[0.515s] -- Found rosidl_adapter: 3.1.6 (/opt/ros/humble/share/rosidl_adapter/cmake)
[0.522s] -- Found rosidl_generator_cpp: 3.1.6 (/opt/ros/humble/share/rosidl_generator_cpp/cmake)
[0.532s] -- Using all available rosidl_typesupport_c: rosidl_typesupport_fastrtps_c;rosidl_typesupport_introspection_c
[0.547s] -- Using all available rosidl_typesupport_cpp: rosidl_typesupport_fastrtps_cpp;rosidl_typesupport_introspection_cpp
[0.584s] -- Found rmw_implementation_cmake: 6.1.2 (/opt/ros/humble/share/rmw_implementation_cmake/cmake)
[0.586s] -- Found rmw_fastrtps_cpp: 6.2.7 (/opt/ros/humble/share/rmw_fastrtps_cpp/cmake)
[0.657s] -- Found OpenSSL: /usr/lib/x86_64-linux-gnu/libcrypto.so (found version "3.0.2")  
[0.680s] -- Found FastRTPS: /opt/ros/humble/include  
[0.714s] -- Using RMW implementation 'rmw_fastrtps_cpp' as default
[0.721s] -- Looking for pthread.h
[0.783s] -- Looking for pthread.h - found
[0.783s] -- Performing Test CMAKE_HAVE_LIBC_PTHREAD
[0.860s] -- Performing Test CMAKE_HAVE_LIBC_PTHREAD - Success
[0.862s] -- Found Threads: TRUE  
[0.917s] -- Found rclpy: 3.3.15 (/opt/ros/humble/share/rclpy/cmake)
[0.918s] -- Found std_srvs: 4.2.4 (/opt/ros/humble/share/std_srvs/cmake)
[0.927s] -- Found rosidl_default_generators: 1.2.0 (/opt/ros/humble/share/rosidl_default_generators/cmake)
[1.174s] -- Found ament_cmake_ros: 0.10.0 (/opt/ros/humble/share/ament_cmake_ros/cmake)
[1.490s] -- Using all available rosidl_typesupport_c: rosidl_typesupport_fastrtps_c;rosidl_typesupport_introspection_c
[1.614s] -- Using all available rosidl_typesupport_cpp: rosidl_typesupport_fastrtps_cpp;rosidl_typesupport_introspection_cpp
[1.634s] -- Found PythonInterp: /usr/bin/python3 (found suitable version "3.10.12", minimum required is "3.6") 
[1.635s] -- Found python_cmake_module: 0.10.0 (/opt/ros/humble/share/python_cmake_module/cmake)
[1.658s] -- Found PythonLibs: /usr/lib/x86_64-linux-gnu/libpython3.10.so (found suitable version "3.10.12", minimum required is "3.5") 
[1.658s] -- Using PYTHON_EXECUTABLE: /usr/bin/python3
[1.658s] -- Using PYTHON_INCLUDE_DIRS: /usr/include/python3.10
[1.658s] -- Using PYTHON_LIBRARIES: /usr/lib/x86_64-linux-gnu/libpython3.10.so
[1.677s] -- Found PythonExtra: .so  
[1.721s] -- Found ament_lint_auto: 0.12.11 (/opt/ros/humble/share/ament_lint_auto/cmake)
[1.737s] -- Added test 'flake8' to check Python code syntax and style conventions
[1.738s] -- Added test 'lint_cmake' to check CMake code style
[1.738s] -- Added test 'pep257' to check Python code against some of the docstring style conventions in PEP 257
[1.740s] -- Added test 'xmllint' to check XML markup files
[1.743s] -- Configuring done
[1.775s] -- Generating done
[1.785s] -- Build files have been written to: /home/xi/Documents/RINS/ROS2/build/dis_homework1
[1.794s] Invoked command in '/home/xi/Documents/RINS/ROS2/build/dis_homework1' returned '0': CMAKE_PREFIX_PATH=${CMAKE_PREFIX_PATH}:/home/xi/Documents/RINS/ROS2/install/dis_tutorial2:/opt/ros/humble /usr/bin/cmake /home/xi/Documents/RINS/ROS2/src/dis_homework1 -DAMENT_CMAKE_SYMLINK_INSTALL=1 -DCMAKE_INSTALL_PREFIX=/home/xi/Documents/RINS/ROS2/install/dis_homework1
[1.795s] Invoking command in '/home/xi/Documents/RINS/ROS2/build/dis_homework1': CMAKE_PREFIX_PATH=${CMAKE_PREFIX_PATH}:/home/xi/Documents/RINS/ROS2/install/dis_tutorial2:/opt/ros/humble /usr/bin/cmake --build /home/xi/Documents/RINS/ROS2/build/dis_homework1 -- -j12 -l12
[1.832s] [  2%] [34m[1mGenerating C code for ROS interfaces[0m
[1.841s] [  5%] [34m[1mGenerating C++ code for ROS interfaces[0m
[1.848s] [  5%] Built target ament_cmake_python_symlink_dis_homework1
[2.060s] running egg_info
[2.061s] creating dis_homework1.egg-info
[2.061s] writing dis_homework1.egg-info/PKG-INFO
[2.061s] writing dependency_links to dis_homework1.egg-info/dependency_links.txt
[2.061s] writing top-level names to dis_homework1.egg-info/top_level.txt
[2.061s] writing manifest file 'dis_homework1.egg-info/SOURCES.txt'
[2.063s] reading manifest file 'dis_homework1.egg-info/SOURCES.txt'
[2.063s] writing manifest file 'dis_homework1.egg-info/SOURCES.txt'
[2.085s] [  5%] Built target ament_cmake_python_build_dis_homework1_egg
[2.137s] [  5%] Built target dis_homework1__cpp
[2.138s] [  7%] [32mBuilding C object CMakeFiles/dis_homework1__rosidl_generator_c.dir/rosidl_generator_c/dis_homework1/msg/detail/custom_message__functions.c.o[0m
[2.138s] [ 10%] [32mBuilding C object CMakeFiles/dis_homework1__rosidl_generator_c.dir/rosidl_generator_c/dis_homework1/srv/detail/custom_service__functions.c.o[0m
[2.146s] [ 17%] [34m[1mGenerating C++ type support for eProsima Fast-RTPS[0m
[2.146s] [ 17%] [34m[1mGenerating C++ introspection for ROS interfaces[0m
[2.146s] [ 17%] [34m[1mGenerating C++ type support dispatch for ROS interfaces[0m
[2.193s] [ 20%] [32m[1mLinking C shared library libdis_homework1__rosidl_generator_c.so[0m
[2.227s] [ 20%] Built target dis_homework1__rosidl_generator_c
[2.237s] [ 23%] [34m[1mGenerating C type support for eProsima Fast-RTPS[0m
[2.237s] [ 25%] [34m[1mGenerating C type support dispatch for ROS interfaces[0m
[2.237s] [ 28%] [34m[1mGenerating C introspection for ROS interfaces[0m
[2.391s] [ 30%] [32mBuilding CXX object CMakeFiles/dis_homework1__rosidl_typesupport_cpp.dir/rosidl_typesupport_cpp/dis_homework1/msg/custom_message__type_support.cpp.o[0m
[2.393s] [ 33%] [32mBuilding CXX object CMakeFiles/dis_homework1__rosidl_typesupport_cpp.dir/rosidl_typesupport_cpp/dis_homework1/srv/custom_service__type_support.cpp.o[0m
[2.418s] [ 35%] [32mBuilding CXX object CMakeFiles/dis_homework1__rosidl_typesupport_introspection_cpp.dir/rosidl_typesupport_introspection_cpp/dis_homework1/msg/detail/custom_message__type_support.cpp.o[0m
[2.421s] [ 38%] [32mBuilding CXX object CMakeFiles/dis_homework1__rosidl_typesupport_introspection_cpp.dir/rosidl_typesupport_introspection_cpp/dis_homework1/srv/detail/custom_service__type_support.cpp.o[0m
[2.460s] [ 41%] [32mBuilding CXX object CMakeFiles/dis_homework1__rosidl_typesupport_fastrtps_cpp.dir/rosidl_typesupport_fastrtps_cpp/dis_homework1/msg/detail/dds_fastrtps/custom_message__type_support.cpp.o[0m
[2.460s] [ 43%] [32mBuilding CXX object CMakeFiles/dis_homework1__rosidl_typesupport_fastrtps_cpp.dir/rosidl_typesupport_fastrtps_cpp/dis_homework1/srv/detail/dds_fastrtps/custom_service__type_support.cpp.o[0m
[2.498s] [ 46%] [32mBuilding CXX object CMakeFiles/dis_homework1__rosidl_typesupport_c.dir/rosidl_typesupport_c/dis_homework1/msg/custom_message__type_support.cpp.o[0m
[2.499s] [ 48%] [32mBuilding CXX object CMakeFiles/dis_homework1__rosidl_typesupport_c.dir/rosidl_typesupport_c/dis_homework1/srv/custom_service__type_support.cpp.o[0m
[2.547s] [ 51%] [32m[1mLinking CXX shared library libdis_homework1__rosidl_typesupport_c.so[0m
[2.548s] [ 53%] [32mBuilding C object CMakeFiles/dis_homework1__rosidl_typesupport_introspection_c.dir/rosidl_typesupport_introspection_c/dis_homework1/srv/detail/custom_service__type_support.c.o[0m
[2.549s] [ 56%] [32mBuilding C object CMakeFiles/dis_homework1__rosidl_typesupport_introspection_c.dir/rosidl_typesupport_introspection_c/dis_homework1/msg/detail/custom_message__type_support.c.o[0m
[2.592s] [ 58%] [32mBuilding CXX object CMakeFiles/dis_homework1__rosidl_typesupport_fastrtps_c.dir/rosidl_typesupport_fastrtps_c/dis_homework1/srv/detail/custom_service__type_support_c.cpp.o[0m
[2.593s] [ 61%] [32mBuilding CXX object CMakeFiles/dis_homework1__rosidl_typesupport_fastrtps_c.dir/rosidl_typesupport_fastrtps_c/dis_homework1/msg/detail/custom_message__type_support_c.cpp.o[0m
[2.598s] [ 64%] [32m[1mLinking C shared library libdis_homework1__rosidl_typesupport_introspection_c.so[0m
[2.610s] [ 64%] Built target dis_homework1__rosidl_typesupport_c
[2.644s] [ 64%] Built target dis_homework1__rosidl_typesupport_introspection_c
[2.804s] [ 66%] [32m[1mLinking CXX shared library libdis_homework1__rosidl_typesupport_cpp.so[0m
[2.846s] [ 66%] Built target dis_homework1__rosidl_typesupport_cpp
[2.852s] [ 69%] [32m[1mLinking CXX shared library libdis_homework1__rosidl_typesupport_introspection_cpp.so[0m
[2.935s] [ 69%] Built target dis_homework1__rosidl_typesupport_introspection_cpp
[2.970s] [ 71%] [32m[1mLinking CXX shared library libdis_homework1__rosidl_typesupport_fastrtps_cpp.so[0m
[3.016s] [ 74%] [32m[1mLinking CXX shared library libdis_homework1__rosidl_typesupport_fastrtps_c.so[0m
[3.039s] [ 74%] Built target dis_homework1__rosidl_typesupport_fastrtps_cpp
[3.082s] [ 74%] Built target dis_homework1__rosidl_typesupport_fastrtps_c
[3.100s] [ 74%] Built target dis_homework1
[3.117s] [ 76%] [34m[1mGenerating Python code for ROS interfaces[0m
[3.509s] [ 76%] Built target dis_homework1__py
[3.528s] [ 82%] [32mBuilding C object CMakeFiles/dis_homework1__rosidl_generator_py.dir/rosidl_generator_py/dis_homework1/msg/_custom_message_s.c.o[0m
[3.528s] [ 82%] [32mBuilding C object CMakeFiles/dis_homework1__rosidl_generator_py.dir/rosidl_generator_py/dis_homework1/srv/_custom_service_s.c.o[0m
[3.628s] [ 84%] [32m[1mLinking C shared library rosidl_generator_py/dis_homework1/libdis_homework1__rosidl_generator_py.so[0m
[3.664s] [ 84%] Built target dis_homework1__rosidl_generator_py
[3.682s] [ 92%] [32mBuilding C object CMakeFiles/dis_homework1__rosidl_typesupport_c__pyext.dir/rosidl_generator_py/dis_homework1/_dis_homework1_s.ep.rosidl_typesupport_c.c.o[0m
[3.682s] [ 92%] [32mBuilding C object CMakeFiles/dis_homework1__rosidl_typesupport_fastrtps_c__pyext.dir/rosidl_generator_py/dis_homework1/_dis_homework1_s.ep.rosidl_typesupport_fastrtps_c.c.o[0m
[3.682s] [ 92%] [32mBuilding C object CMakeFiles/dis_homework1__rosidl_typesupport_introspection_c__pyext.dir/rosidl_generator_py/dis_homework1/_dis_homework1_s.ep.rosidl_typesupport_introspection_c.c.o[0m
[3.782s] [100%] [32m[1mLinking C shared library rosidl_generator_py/dis_homework1/dis_homework1_s__rosidl_typesupport_fastrtps_c.cpython-310-x86_64-linux-gnu.so[0m
[3.782s] [100%] [32m[1mLinking C shared library rosidl_generator_py/dis_homework1/dis_homework1_s__rosidl_typesupport_c.cpython-310-x86_64-linux-gnu.so[0m
[3.782s] [100%] [32m[1mLinking C shared library rosidl_generator_py/dis_homework1/dis_homework1_s__rosidl_typesupport_introspection_c.cpython-310-x86_64-linux-gnu.so[0m
[3.818s] [100%] Built target dis_homework1__rosidl_typesupport_introspection_c__pyext
[3.818s] [100%] Built target dis_homework1__rosidl_typesupport_fastrtps_c__pyext
[3.818s] [100%] Built target dis_homework1__rosidl_typesupport_c__pyext
[3.829s] Invoked command in '/home/xi/Documents/RINS/ROS2/build/dis_homework1' returned '0': CMAKE_PREFIX_PATH=${CMAKE_PREFIX_PATH}:/home/xi/Documents/RINS/ROS2/install/dis_tutorial2:/opt/ros/humble /usr/bin/cmake --build /home/xi/Documents/RINS/ROS2/build/dis_homework1 -- -j12 -l12
[3.837s] Invoking command in '/home/xi/Documents/RINS/ROS2/build/dis_homework1': CMAKE_PREFIX_PATH=${CMAKE_PREFIX_PATH}:/home/xi/Documents/RINS/ROS2/install/dis_tutorial2:/opt/ros/humble /usr/bin/cmake --install /home/xi/Documents/RINS/ROS2/build/dis_homework1
[3.844s] -- Install configuration: ""
[3.844s] -- Execute custom install script
[3.845s] -- Symlinking: /home/xi/Documents/RINS/ROS2/install/dis_homework1/share/ament_index/resource_index/rosidl_interfaces/dis_homework1
[3.852s] -- Symlinking: /home/xi/Documents/RINS/ROS2/install/dis_homework1/include/dis_homework1/dis_homework1/msg/custom_message.h
[3.860s] -- Symlinking: /home/xi/Documents/RINS/ROS2/install/dis_homework1/include/dis_homework1/dis_homework1/msg/detail/custom_message__functions.h
[3.868s] -- Symlinking: /home/xi/Documents/RINS/ROS2/install/dis_homework1/include/dis_homework1/dis_homework1/msg/detail/custom_message__struct.h
[3.875s] -- Symlinking: /home/xi/Documents/RINS/ROS2/install/dis_homework1/include/dis_homework1/dis_homework1/msg/detail/custom_message__type_support.h
[3.882s] -- Symlinking: /home/xi/Documents/RINS/ROS2/install/dis_homework1/include/dis_homework1/dis_homework1/msg/rosidl_generator_c__visibility_control.h
[3.889s] -- Symlinking: /home/xi/Documents/RINS/ROS2/install/dis_homework1/include/dis_homework1/dis_homework1/srv/custom_service.h
[3.897s] -- Symlinking: /home/xi/Documents/RINS/ROS2/install/dis_homework1/include/dis_homework1/dis_homework1/srv/detail/custom_service__functions.h
[3.904s] -- Symlinking: /home/xi/Documents/RINS/ROS2/install/dis_homework1/include/dis_homework1/dis_homework1/srv/detail/custom_service__struct.h
[3.911s] -- Symlinking: /home/xi/Documents/RINS/ROS2/install/dis_homework1/include/dis_homework1/dis_homework1/srv/detail/custom_service__type_support.h
[3.919s] -- Symlinking: /home/xi/Documents/RINS/ROS2/install/dis_homework1/share/dis_homework1/environment/library_path.sh
[3.926s] -- Symlinking: /home/xi/Documents/RINS/ROS2/install/dis_homework1/share/dis_homework1/environment/library_path.dsv
[3.934s] -- Symlinking: /home/xi/Documents/RINS/ROS2/install/dis_homework1/include/dis_homework1/dis_homework1/msg/detail/custom_message__rosidl_typesupport_fastrtps_c.h
[3.942s] -- Symlinking: /home/xi/Documents/RINS/ROS2/install/dis_homework1/include/dis_homework1/dis_homework1/msg/rosidl_typesupport_fastrtps_c__visibility_control.h
[3.949s] -- Symlinking: /home/xi/Documents/RINS/ROS2/install/dis_homework1/include/dis_homework1/dis_homework1/srv/detail/custom_service__rosidl_typesupport_fastrtps_c.h
[3.957s] -- Symlinking: /home/xi/Documents/RINS/ROS2/install/dis_homework1/include/dis_homework1/dis_homework1/msg/custom_message.hpp
[3.964s] -- Symlinking: /home/xi/Documents/RINS/ROS2/install/dis_homework1/include/dis_homework1/dis_homework1/msg/detail/custom_message__builder.hpp
[3.971s] -- Symlinking: /home/xi/Documents/RINS/ROS2/install/dis_homework1/include/dis_homework1/dis_homework1/msg/detail/custom_message__struct.hpp
[3.978s] -- Symlinking: /home/xi/Documents/RINS/ROS2/install/dis_homework1/include/dis_homework1/dis_homework1/msg/detail/custom_message__traits.hpp
[3.985s] -- Symlinking: /home/xi/Documents/RINS/ROS2/install/dis_homework1/include/dis_homework1/dis_homework1/msg/detail/custom_message__type_support.hpp
[3.992s] -- Symlinking: /home/xi/Documents/RINS/ROS2/install/dis_homework1/include/dis_homework1/dis_homework1/msg/rosidl_generator_cpp__visibility_control.hpp
[3.999s] -- Symlinking: /home/xi/Documents/RINS/ROS2/install/dis_homework1/include/dis_homework1/dis_homework1/srv/custom_service.hpp
[4.006s] -- Symlinking: /home/xi/Documents/RINS/ROS2/install/dis_homework1/include/dis_homework1/dis_homework1/srv/detail/custom_service__builder.hpp
[4.014s] -- Symlinking: /home/xi/Documents/RINS/ROS2/install/dis_homework1/include/dis_homework1/dis_homework1/srv/detail/custom_service__struct.hpp
[4.021s] -- Symlinking: /home/xi/Documents/RINS/ROS2/install/dis_homework1/include/dis_homework1/dis_homework1/srv/detail/custom_service__traits.hpp
[4.028s] -- Symlinking: /home/xi/Documents/RINS/ROS2/install/dis_homework1/include/dis_homework1/dis_homework1/srv/detail/custom_service__type_support.hpp
[4.035s] -- Symlinking: /home/xi/Documents/RINS/ROS2/install/dis_homework1/include/dis_homework1/dis_homework1/msg/detail/custom_message__rosidl_typesupport_fastrtps_cpp.hpp
[4.043s] -- Symlinking: /home/xi/Documents/RINS/ROS2/install/dis_homework1/include/dis_homework1/dis_homework1/msg/rosidl_typesupport_fastrtps_cpp__visibility_control.h
[4.050s] -- Symlinking: /home/xi/Documents/RINS/ROS2/install/dis_homework1/include/dis_homework1/dis_homework1/srv/detail/custom_service__rosidl_typesupport_fastrtps_cpp.hpp
[4.058s] -- Symlinking: /home/xi/Documents/RINS/ROS2/install/dis_homework1/include/dis_homework1/dis_homework1/msg/detail/custom_message__rosidl_typesupport_introspection_c.h
[4.065s] -- Symlinking: /home/xi/Documents/RINS/ROS2/install/dis_homework1/include/dis_homework1/dis_homework1/msg/rosidl_typesupport_introspection_c__visibility_control.h
[4.073s] -- Symlinking: /home/xi/Documents/RINS/ROS2/install/dis_homework1/include/dis_homework1/dis_homework1/srv/detail/custom_service__rosidl_typesupport_introspection_c.h
[4.080s] -- Symlinking: /home/xi/Documents/RINS/ROS2/install/dis_homework1/include/dis_homework1/dis_homework1/msg/detail/custom_message__rosidl_typesupport_introspection_cpp.hpp
[4.087s] -- Symlinking: /home/xi/Documents/RINS/ROS2/install/dis_homework1/include/dis_homework1/dis_homework1/srv/detail/custom_service__rosidl_typesupport_introspection_cpp.hpp
[4.098s] -- Symlinking: /home/xi/Documents/RINS/ROS2/install/dis_homework1/share/dis_homework1/environment/pythonpath.sh
[4.105s] -- Symlinking: /home/xi/Documents/RINS/ROS2/install/dis_homework1/share/dis_homework1/environment/pythonpath.dsv
[4.113s] -- Symlinking: /home/xi/Documents/RINS/ROS2/install/dis_homework1/local/lib/python3.10/dist-packages/dis_homework1-0.0.0-py3.10.egg-info/PKG-INFO
[4.120s] -- Symlinking: /home/xi/Documents/RINS/ROS2/install/dis_homework1/local/lib/python3.10/dist-packages/dis_homework1-0.0.0-py3.10.egg-info/SOURCES.txt
[4.127s] -- Symlinking: /home/xi/Documents/RINS/ROS2/install/dis_homework1/local/lib/python3.10/dist-packages/dis_homework1-0.0.0-py3.10.egg-info/dependency_links.txt
[4.134s] -- Symlinking: /home/xi/Documents/RINS/ROS2/install/dis_homework1/local/lib/python3.10/dist-packages/dis_homework1-0.0.0-py3.10.egg-info/top_level.txt
[4.143s] -- Symlinking: /home/xi/Documents/RINS/ROS2/install/dis_homework1/local/lib/python3.10/dist-packages/dis_homework1/__init__.py
[4.150s] -- Symlinking: /home/xi/Documents/RINS/ROS2/install/dis_homework1/local/lib/python3.10/dist-packages/dis_homework1/_dis_homework1_s.ep.rosidl_typesupport_c.c
[4.157s] -- Symlinking: /home/xi/Documents/RINS/ROS2/install/dis_homework1/local/lib/python3.10/dist-packages/dis_homework1/_dis_homework1_s.ep.rosidl_typesupport_fastrtps_c.c
[4.165s] -- Symlinking: /home/xi/Documents/RINS/ROS2/install/dis_homework1/local/lib/python3.10/dist-packages/dis_homework1/_dis_homework1_s.ep.rosidl_typesupport_introspection_c.c
[4.172s] -- Symlinking: /home/xi/Documents/RINS/ROS2/install/dis_homework1/local/lib/python3.10/dist-packages/dis_homework1/dis_homework1_s__rosidl_typesupport_c.cpython-310-x86_64-linux-gnu.so
[4.180s] -- Symlinking: /home/xi/Documents/RINS/ROS2/install/dis_homework1/local/lib/python3.10/dist-packages/dis_homework1/dis_homework1_s__rosidl_typesupport_fastrtps_c.cpython-310-x86_64-linux-gnu.so
[4.187s] -- Symlinking: /home/xi/Documents/RINS/ROS2/install/dis_homework1/local/lib/python3.10/dist-packages/dis_homework1/dis_homework1_s__rosidl_typesupport_introspection_c.cpython-310-x86_64-linux-gnu.so
[4.194s] -- Symlinking: /home/xi/Documents/RINS/ROS2/install/dis_homework1/local/lib/python3.10/dist-packages/dis_homework1/libdis_homework1__rosidl_generator_py.so
[4.201s] -- Symlinking: /home/xi/Documents/RINS/ROS2/install/dis_homework1/local/lib/python3.10/dist-packages/dis_homework1/msg/__init__.py
[4.209s] -- Symlinking: /home/xi/Documents/RINS/ROS2/install/dis_homework1/local/lib/python3.10/dist-packages/dis_homework1/msg/_custom_message.py
[4.216s] -- Symlinking: /home/xi/Documents/RINS/ROS2/install/dis_homework1/local/lib/python3.10/dist-packages/dis_homework1/msg/_custom_message_s.c
[4.224s] -- Symlinking: /home/xi/Documents/RINS/ROS2/install/dis_homework1/local/lib/python3.10/dist-packages/dis_homework1/srv/__init__.py
[4.231s] -- Symlinking: /home/xi/Documents/RINS/ROS2/install/dis_homework1/local/lib/python3.10/dist-packages/dis_homework1/srv/_custom_service.py
[4.239s] -- Symlinking: /home/xi/Documents/RINS/ROS2/install/dis_homework1/local/lib/python3.10/dist-packages/dis_homework1/srv/_custom_service_s.c
[4.247s] -- Up-to-date symlink: /home/xi/Documents/RINS/ROS2/install/dis_homework1/local/lib/python3.10/dist-packages/dis_homework1/dis_homework1_s__rosidl_typesupport_fastrtps_c.cpython-310-x86_64-linux-gnu.so
[4.247s] -- Up-to-date symlink: /home/xi/Documents/RINS/ROS2/install/dis_homework1/local/lib/python3.10/dist-packages/dis_homework1/dis_homework1_s__rosidl_typesupport_introspection_c.cpython-310-x86_64-linux-gnu.so
[4.247s] -- Up-to-date symlink: /home/xi/Documents/RINS/ROS2/install/dis_homework1/local/lib/python3.10/dist-packages/dis_homework1/dis_homework1_s__rosidl_typesupport_c.cpython-310-x86_64-linux-gnu.so
[4.247s] -- Symlinking: /home/xi/Documents/RINS/ROS2/install/dis_homework1/share/dis_homework1/msg/CustomMessage.idl
[4.255s] -- Symlinking: /home/xi/Documents/RINS/ROS2/install/dis_homework1/share/dis_homework1/srv/CustomService.idl
[4.262s] -- Symlinking: /home/xi/Documents/RINS/ROS2/install/dis_homework1/share/dis_homework1/msg/CustomMessage.msg
[4.270s] -- Symlinking: /home/xi/Documents/RINS/ROS2/install/dis_homework1/share/dis_homework1/srv/CustomService.srv
[4.277s] -- Symlinking: /home/xi/Documents/RINS/ROS2/install/dis_homework1/share/dis_homework1/srv/CustomService_Request.msg
[4.284s] -- Symlinking: /home/xi/Documents/RINS/ROS2/install/dis_homework1/share/dis_homework1/srv/CustomService_Response.msg
[4.292s] -- Symlinking: /home/xi/Documents/RINS/ROS2/install/dis_homework1/lib/dis_homework1/custom_publisher.py
[4.299s] -- Symlinking: /home/xi/Documents/RINS/ROS2/install/dis_homework1/lib/dis_homework1/custom_subscriber.py
[4.306s] -- Symlinking: /home/xi/Documents/RINS/ROS2/install/dis_homework1/share/ament_index/resource_index/package_run_dependencies/dis_homework1
[4.314s] -- Symlinking: /home/xi/Documents/RINS/ROS2/install/dis_homework1/share/ament_index/resource_index/parent_prefix_path/dis_homework1
[4.321s] -- Symlinking: /home/xi/Documents/RINS/ROS2/install/dis_homework1/share/dis_homework1/environment/ament_prefix_path.sh
[4.329s] -- Symlinking: /home/xi/Documents/RINS/ROS2/install/dis_homework1/share/dis_homework1/environment/ament_prefix_path.dsv
[4.336s] -- Symlinking: /home/xi/Documents/RINS/ROS2/install/dis_homework1/share/dis_homework1/environment/path.sh
[4.344s] -- Symlinking: /home/xi/Documents/RINS/ROS2/install/dis_homework1/share/dis_homework1/environment/path.dsv
[4.351s] -- Symlinking: /home/xi/Documents/RINS/ROS2/install/dis_homework1/share/dis_homework1/local_setup.bash
[4.359s] -- Symlinking: /home/xi/Documents/RINS/ROS2/install/dis_homework1/share/dis_homework1/local_setup.sh
[4.366s] -- Symlinking: /home/xi/Documents/RINS/ROS2/install/dis_homework1/share/dis_homework1/local_setup.zsh
[4.374s] -- Symlinking: /home/xi/Documents/RINS/ROS2/install/dis_homework1/share/dis_homework1/local_setup.dsv
[4.381s] -- Symlinking: /home/xi/Documents/RINS/ROS2/install/dis_homework1/share/dis_homework1/package.dsv
[4.388s] -- Symlinking: /home/xi/Documents/RINS/ROS2/install/dis_homework1/share/ament_index/resource_index/packages/dis_homework1
[4.396s] -- Symlinking: /home/xi/Documents/RINS/ROS2/install/dis_homework1/share/dis_homework1/cmake/rosidl_cmake-extras.cmake
[4.403s] -- Symlinking: /home/xi/Documents/RINS/ROS2/install/dis_homework1/share/dis_homework1/cmake/ament_cmake_export_dependencies-extras.cmake
[4.411s] -- Symlinking: /home/xi/Documents/RINS/ROS2/install/dis_homework1/share/dis_homework1/cmake/ament_cmake_export_include_directories-extras.cmake
[4.418s] -- Symlinking: /home/xi/Documents/RINS/ROS2/install/dis_homework1/share/dis_homework1/cmake/ament_cmake_export_libraries-extras.cmake
[4.425s] -- Symlinking: /home/xi/Documents/RINS/ROS2/install/dis_homework1/share/dis_homework1/cmake/ament_cmake_export_targets-extras.cmake
[4.433s] -- Symlinking: /home/xi/Documents/RINS/ROS2/install/dis_homework1/share/dis_homework1/cmake/rosidl_cmake_export_typesupport_targets-extras.cmake
[4.441s] -- Symlinking: /home/xi/Documents/RINS/ROS2/install/dis_homework1/share/dis_homework1/cmake/rosidl_cmake_export_typesupport_libraries-extras.cmake
[4.448s] -- Symlinking: /home/xi/Documents/RINS/ROS2/install/dis_homework1/share/dis_homework1/cmake/dis_homework1Config.cmake
[4.455s] -- Symlinking: /home/xi/Documents/RINS/ROS2/install/dis_homework1/share/dis_homework1/cmake/dis_homework1Config-version.cmake
[4.463s] -- Symlinking: /home/xi/Documents/RINS/ROS2/install/dis_homework1/share/dis_homework1/package.xml
[4.470s] -- Installing: /home/xi/Documents/RINS/ROS2/install/dis_homework1/lib/libdis_homework1__rosidl_generator_c.so
[4.471s] -- Set runtime path of "/home/xi/Documents/RINS/ROS2/install/dis_homework1/lib/libdis_homework1__rosidl_generator_c.so" to ""
[4.471s] -- Installing: /home/xi/Documents/RINS/ROS2/install/dis_homework1/lib/libdis_homework1__rosidl_typesupport_fastrtps_c.so
[4.471s] -- Set runtime path of "/home/xi/Documents/RINS/ROS2/install/dis_homework1/lib/libdis_homework1__rosidl_typesupport_fastrtps_c.so" to ""
[4.471s] -- Installing: /home/xi/Documents/RINS/ROS2/install/dis_homework1/lib/libdis_homework1__rosidl_typesupport_fastrtps_cpp.so
[4.472s] -- Set runtime path of "/home/xi/Documents/RINS/ROS2/install/dis_homework1/lib/libdis_homework1__rosidl_typesupport_fastrtps_cpp.so" to ""
[4.472s] -- Installing: /home/xi/Documents/RINS/ROS2/install/dis_homework1/lib/libdis_homework1__rosidl_typesupport_introspection_c.so
[4.472s] -- Set runtime path of "/home/xi/Documents/RINS/ROS2/install/dis_homework1/lib/libdis_homework1__rosidl_typesupport_introspection_c.so" to ""
[4.472s] -- Installing: /home/xi/Documents/RINS/ROS2/install/dis_homework1/lib/libdis_homework1__rosidl_typesupport_c.so
[4.472s] -- Set runtime path of "/home/xi/Documents/RINS/ROS2/install/dis_homework1/lib/libdis_homework1__rosidl_typesupport_c.so" to ""
[4.472s] -- Installing: /home/xi/Documents/RINS/ROS2/install/dis_homework1/lib/libdis_homework1__rosidl_typesupport_introspection_cpp.so
[4.473s] -- Set runtime path of "/home/xi/Documents/RINS/ROS2/install/dis_homework1/lib/libdis_homework1__rosidl_typesupport_introspection_cpp.so" to ""
[4.473s] -- Installing: /home/xi/Documents/RINS/ROS2/install/dis_homework1/lib/libdis_homework1__rosidl_typesupport_cpp.so
[4.473s] -- Set runtime path of "/home/xi/Documents/RINS/ROS2/install/dis_homework1/lib/libdis_homework1__rosidl_typesupport_cpp.so" to ""
[4.506s] Listing '/home/xi/Documents/RINS/ROS2/install/dis_homework1/local/lib/python3.10/dist-packages/dis_homework1'...
[4.506s] Compiling '/home/xi/Documents/RINS/ROS2/install/dis_homework1/local/lib/python3.10/dist-packages/dis_homework1/__init__.py'...
[4.506s] Listing '/home/xi/Documents/RINS/ROS2/install/dis_homework1/local/lib/python3.10/dist-packages/dis_homework1/msg'...
[4.506s] Compiling '/home/xi/Documents/RINS/ROS2/install/dis_homework1/local/lib/python3.10/dist-packages/dis_homework1/msg/__init__.py'...
[4.506s] Compiling '/home/xi/Documents/RINS/ROS2/install/dis_homework1/local/lib/python3.10/dist-packages/dis_homework1/msg/_custom_message.py'...
[4.506s] Listing '/home/xi/Documents/RINS/ROS2/install/dis_homework1/local/lib/python3.10/dist-packages/dis_homework1/srv'...
[4.506s] Compiling '/home/xi/Documents/RINS/ROS2/install/dis_homework1/local/lib/python3.10/dist-packages/dis_homework1/srv/__init__.py'...
[4.506s] Compiling '/home/xi/Documents/RINS/ROS2/install/dis_homework1/local/lib/python3.10/dist-packages/dis_homework1/srv/_custom_service.py'...
[4.510s] -- Installing: /home/xi/Documents/RINS/ROS2/install/dis_homework1/lib/libdis_homework1__rosidl_generator_py.so
[4.510s] -- Set runtime path of "/home/xi/Documents/RINS/ROS2/install/dis_homework1/lib/libdis_homework1__rosidl_generator_py.so" to ""
[4.510s] -- Installing: /home/xi/Documents/RINS/ROS2/install/dis_homework1/share/dis_homework1/cmake/export_dis_homework1__rosidl_generator_cExport.cmake
[4.510s] -- Installing: /home/xi/Documents/RINS/ROS2/install/dis_homework1/share/dis_homework1/cmake/export_dis_homework1__rosidl_generator_cExport-noconfig.cmake
[4.510s] -- Installing: /home/xi/Documents/RINS/ROS2/install/dis_homework1/share/dis_homework1/cmake/export_dis_homework1__rosidl_typesupport_fastrtps_cExport.cmake
[4.510s] -- Installing: /home/xi/Documents/RINS/ROS2/install/dis_homework1/share/dis_homework1/cmake/export_dis_homework1__rosidl_typesupport_fastrtps_cExport-noconfig.cmake
[4.511s] -- Installing: /home/xi/Documents/RINS/ROS2/install/dis_homework1/share/dis_homework1/cmake/export_dis_homework1__rosidl_generator_cppExport.cmake
[4.511s] -- Installing: /home/xi/Documents/RINS/ROS2/install/dis_homework1/share/dis_homework1/cmake/export_dis_homework1__rosidl_typesupport_fastrtps_cppExport.cmake
[4.511s] -- Installing: /home/xi/Documents/RINS/ROS2/install/dis_homework1/share/dis_homework1/cmake/export_dis_homework1__rosidl_typesupport_fastrtps_cppExport-noconfig.cmake
[4.511s] -- Installing: /home/xi/Documents/RINS/ROS2/install/dis_homework1/share/dis_homework1/cmake/dis_homework1__rosidl_typesupport_introspection_cExport.cmake
[4.511s] -- Installing: /home/xi/Documents/RINS/ROS2/install/dis_homework1/share/dis_homework1/cmake/dis_homework1__rosidl_typesupport_introspection_cExport-noconfig.cmake
[4.511s] -- Installing: /home/xi/Documents/RINS/ROS2/install/dis_homework1/share/dis_homework1/cmake/dis_homework1__rosidl_typesupport_cExport.cmake
[4.511s] -- Installing: /home/xi/Documents/RINS/ROS2/install/dis_homework1/share/dis_homework1/cmake/dis_homework1__rosidl_typesupport_cExport-noconfig.cmake
[4.511s] -- Installing: /home/xi/Documents/RINS/ROS2/install/dis_homework1/share/dis_homework1/cmake/dis_homework1__rosidl_typesupport_introspection_cppExport.cmake
[4.512s] -- Installing: /home/xi/Documents/RINS/ROS2/install/dis_homework1/share/dis_homework1/cmake/dis_homework1__rosidl_typesupport_introspection_cppExport-noconfig.cmake
[4.512s] -- Installing: /home/xi/Documents/RINS/ROS2/install/dis_homework1/share/dis_homework1/cmake/dis_homework1__rosidl_typesupport_cppExport.cmake
[4.512s] -- Installing: /home/xi/Documents/RINS/ROS2/install/dis_homework1/share/dis_homework1/cmake/dis_homework1__rosidl_typesupport_cppExport-noconfig.cmake
[4.512s] -- Installing: /home/xi/Documents/RINS/ROS2/install/dis_homework1/share/dis_homework1/cmake/export_dis_homework1__rosidl_generator_pyExport.cmake
[4.512s] -- Installing: /home/xi/Documents/RINS/ROS2/install/dis_homework1/share/dis_homework1/cmake/export_dis_homework1__rosidl_generator_pyExport-noconfig.cmake
[4.515s] Invoked command in '/home/xi/Documents/RINS/ROS2/build/dis_homework1' returned '0': CMAKE_PREFIX_PATH=${CMAKE_PREFIX_PATH}:/home/xi/Documents/RINS/ROS2/install/dis_tutorial2:/opt/ros/humble /usr/bin/cmake --install /home/xi/Documents/RINS/ROS2/build/dis_homework1
