-- The C compiler identification is GNU 11.4.0
-- The CXX compiler identification is GNU 11.4.0
-- Detecting C compiler ABI info
-- Detecting C compiler ABI info - done
-- Check for working C compiler: /usr/bin/cc - skipped
-- Detecting C compile features
-- Detecting C compile features - done
-- Detecting CXX compiler ABI info
-- Detecting CXX compiler ABI info - done
-- Check for working CXX compiler: /usr/bin/c++ - skipped
-- Detecting CXX compile features
-- Detecting CXX compile features - done
-- Found ament_cmake: 1.3.11 (/opt/ros/humble/share/ament_cmake/cmake)
-- Found Python3: /usr/bin/python3 (found version "3.10.12") found components: Interpreter 
-- Override CMake install command with custom implementation using symlinks instead of copying resources
-- Found rclcpp: 16.0.11 (/opt/ros/humble/share/rclcpp/cmake)
-- Found rosidl_generator_c: 3.1.6 (/opt/ros/humble/share/rosidl_generator_c/cmake)
-- Found rosidl_adapter: 3.1.6 (/opt/ros/humble/share/rosidl_adapter/cmake)
-- Found rosidl_generator_cpp: 3.1.6 (/opt/ros/humble/share/rosidl_generator_cpp/cmake)
-- Using all available rosidl_typesupport_c: rosidl_typesupport_fastrtps_c;rosidl_typesupport_introspection_c
-- Using all available rosidl_typesupport_cpp: rosidl_typesupport_fastrtps_cpp;rosidl_typesupport_introspection_cpp
-- Found rmw_implementation_cmake: 6.1.2 (/opt/ros/humble/share/rmw_implementation_cmake/cmake)
-- Found rmw_fastrtps_cpp: 6.2.7 (/opt/ros/humble/share/rmw_fastrtps_cpp/cmake)
-- Found OpenSSL: /usr/lib/x86_64-linux-gnu/libcrypto.so (found version "3.0.2")  
-- Found FastRTPS: /opt/ros/humble/include  
-- Using RMW implementation 'rmw_fastrtps_cpp' as default
-- Looking for pthread.h
-- Looking for pthread.h - found
-- Performing Test CMAKE_HAVE_LIBC_PTHREAD
-- Performing Test CMAKE_HAVE_LIBC_PTHREAD - Success
-- Found Threads: TRUE  
-- Found rclpy: 3.3.15 (/opt/ros/humble/share/rclpy/cmake)
-- Found std_srvs: 4.2.4 (/opt/ros/humble/share/std_srvs/cmake)
-- Found rosidl_default_generators: 1.2.0 (/opt/ros/humble/share/rosidl_default_generators/cmake)
-- Found ament_cmake_ros: 0.10.0 (/opt/ros/humble/share/ament_cmake_ros/cmake)
-- Using all available rosidl_typesupport_c: rosidl_typesupport_fastrtps_c;rosidl_typesupport_introspection_c
-- Using all available rosidl_typesupport_cpp: rosidl_typesupport_fastrtps_cpp;rosidl_typesupport_introspection_cpp
-- Found PythonInterp: /usr/bin/python3 (found suitable version "3.10.12", minimum required is "3.6") 
-- Found python_cmake_module: 0.10.0 (/opt/ros/humble/share/python_cmake_module/cmake)
-- Found PythonLibs: /usr/lib/x86_64-linux-gnu/libpython3.10.so (found suitable version "3.10.12", minimum required is "3.5") 
-- Using PYTHON_EXECUTABLE: /usr/bin/python3
-- Using PYTHON_INCLUDE_DIRS: /usr/include/python3.10
-- Using PYTHON_LIBRARIES: /usr/lib/x86_64-linux-gnu/libpython3.10.so
-- Found PythonExtra: .so  
-- Found ament_lint_auto: 0.12.11 (/opt/ros/humble/share/ament_lint_auto/cmake)
-- Added test 'flake8' to check Python code syntax and style conventions
-- Added test 'lint_cmake' to check CMake code style
-- Added test 'pep257' to check Python code against some of the docstring style conventions in PEP 257
-- Added test 'xmllint' to check XML markup files
-- Configuring done
-- Generating done
-- Build files have been written to: /home/xi/Documents/RINS/ROS2/build/dis_homework1
[  2%] [34m[1mGenerating C code for ROS interfaces[0m
[  5%] [34m[1mGenerating C++ code for ROS interfaces[0m
[  5%] Built target ament_cmake_python_symlink_dis_homework1
running egg_info
creating dis_homework1.egg-info
writing dis_homework1.egg-info/PKG-INFO
writing dependency_links to dis_homework1.egg-info/dependency_links.txt
writing top-level names to dis_homework1.egg-info/top_level.txt
writing manifest file 'dis_homework1.egg-info/SOURCES.txt'
reading manifest file 'dis_homework1.egg-info/SOURCES.txt'
writing manifest file 'dis_homework1.egg-info/SOURCES.txt'
[  5%] Built target ament_cmake_python_build_dis_homework1_egg
[  5%] Built target dis_homework1__cpp
[  7%] [32mBuilding C object CMakeFiles/dis_homework1__rosidl_generator_c.dir/rosidl_generator_c/dis_homework1/msg/detail/custom_message__functions.c.o[0m
[ 10%] [32mBuilding C object CMakeFiles/dis_homework1__rosidl_generator_c.dir/rosidl_generator_c/dis_homework1/srv/detail/custom_service__functions.c.o[0m
[ 15%] [34m[1mGenerating C++ type support for eProsima Fast-RTPS[0m
[ 15%] [34m[1mGenerating C++ type support dispatch for ROS interfaces[0m
[ 17%] [34m[1mGenerating C++ introspection for ROS interfaces[0m
[ 20%] [32m[1mLinking C shared library libdis_homework1__rosidl_generator_c.so[0m
[ 20%] Built target dis_homework1__rosidl_generator_c
[ 28%] [34m[1mGenerating C type support for eProsima Fast-RTPS[0m
[ 28%] [34m[1mGenerating C type support dispatch for ROS interfaces[0m
[ 28%] [34m[1mGenerating C introspection for ROS interfaces[0m
[ 30%] [32mBuilding CXX object CMakeFiles/dis_homework1__rosidl_typesupport_cpp.dir/rosidl_typesupport_cpp/dis_homework1/msg/custom_message__type_support.cpp.o[0m
[ 33%] [32mBuilding CXX object CMakeFiles/dis_homework1__rosidl_typesupport_cpp.dir/rosidl_typesupport_cpp/dis_homework1/srv/custom_service__type_support.cpp.o[0m
[ 35%] [32mBuilding CXX object CMakeFiles/dis_homework1__rosidl_typesupport_introspection_cpp.dir/rosidl_typesupport_introspection_cpp/dis_homework1/msg/detail/custom_message__type_support.cpp.o[0m
[ 38%] [32mBuilding CXX object CMakeFiles/dis_homework1__rosidl_typesupport_introspection_cpp.dir/rosidl_typesupport_introspection_cpp/dis_homework1/srv/detail/custom_service__type_support.cpp.o[0m
[ 41%] [32mBuilding CXX object CMakeFiles/dis_homework1__rosidl_typesupport_fastrtps_cpp.dir/rosidl_typesupport_fastrtps_cpp/dis_homework1/msg/detail/dds_fastrtps/custom_message__type_support.cpp.o[0m
[ 43%] [32mBuilding CXX object CMakeFiles/dis_homework1__rosidl_typesupport_fastrtps_cpp.dir/rosidl_typesupport_fastrtps_cpp/dis_homework1/srv/detail/dds_fastrtps/custom_service__type_support.cpp.o[0m
[ 46%] [32mBuilding CXX object CMakeFiles/dis_homework1__rosidl_typesupport_c.dir/rosidl_typesupport_c/dis_homework1/msg/custom_message__type_support.cpp.o[0m
[ 48%] [32mBuilding CXX object CMakeFiles/dis_homework1__rosidl_typesupport_c.dir/rosidl_typesupport_c/dis_homework1/srv/custom_service__type_support.cpp.o[0m
[ 51%] [32m[1mLinking CXX shared library libdis_homework1__rosidl_typesupport_c.so[0m
[ 53%] [32mBuilding C object CMakeFiles/dis_homework1__rosidl_typesupport_introspection_c.dir/rosidl_typesupport_introspection_c/dis_homework1/msg/detail/custom_message__type_support.c.o[0m
[ 56%] [32mBuilding C object CMakeFiles/dis_homework1__rosidl_typesupport_introspection_c.dir/rosidl_typesupport_introspection_c/dis_homework1/srv/detail/custom_service__type_support.c.o[0m
[ 56%] Built target dis_homework1__rosidl_typesupport_c
[ 58%] [32m[1mLinking C shared library libdis_homework1__rosidl_typesupport_introspection_c.so[0m
[ 58%] Built target dis_homework1__rosidl_typesupport_introspection_c
[ 61%] [32mBuilding CXX object CMakeFiles/dis_homework1__rosidl_typesupport_fastrtps_c.dir/rosidl_typesupport_fastrtps_c/dis_homework1/msg/detail/custom_message__type_support_c.cpp.o[0m
[ 64%] [32mBuilding CXX object CMakeFiles/dis_homework1__rosidl_typesupport_fastrtps_c.dir/rosidl_typesupport_fastrtps_c/dis_homework1/srv/detail/custom_service__type_support_c.cpp.o[0m
[ 66%] [32m[1mLinking CXX shared library libdis_homework1__rosidl_typesupport_cpp.so[0m
[ 66%] Built target dis_homework1__rosidl_typesupport_cpp
[ 69%] [32m[1mLinking CXX shared library libdis_homework1__rosidl_typesupport_introspection_cpp.so[0m
[ 71%] [32m[1mLinking CXX shared library libdis_homework1__rosidl_typesupport_fastrtps_c.so[0m
[ 71%] Built target dis_homework1__rosidl_typesupport_introspection_cpp
[ 74%] [32m[1mLinking CXX shared library libdis_homework1__rosidl_typesupport_fastrtps_cpp.so[0m
[ 74%] Built target dis_homework1__rosidl_typesupport_fastrtps_c
[ 74%] Built target dis_homework1__rosidl_typesupport_fastrtps_cpp
[ 74%] Built target dis_homework1
[ 76%] [34m[1mGenerating Python code for ROS interfaces[0m
[ 76%] Built target dis_homework1__py
[ 82%] [32mBuilding C object CMakeFiles/dis_homework1__rosidl_generator_py.dir/rosidl_generator_py/dis_homework1/msg/_custom_message_s.c.o[0m
[ 82%] [32mBuilding C object CMakeFiles/dis_homework1__rosidl_generator_py.dir/rosidl_generator_py/dis_homework1/srv/_custom_service_s.c.o[0m
[ 84%] [32m[1mLinking C shared library rosidl_generator_py/dis_homework1/libdis_homework1__rosidl_generator_py.so[0m
[ 84%] Built target dis_homework1__rosidl_generator_py
[ 92%] [32mBuilding C object CMakeFiles/dis_homework1__rosidl_typesupport_c__pyext.dir/rosidl_generator_py/dis_homework1/_dis_homework1_s.ep.rosidl_typesupport_c.c.o[0m
[ 92%] [32mBuilding C object CMakeFiles/dis_homework1__rosidl_typesupport_introspection_c__pyext.dir/rosidl_generator_py/dis_homework1/_dis_homework1_s.ep.rosidl_typesupport_introspection_c.c.o[0m
[ 92%] [32mBuilding C object CMakeFiles/dis_homework1__rosidl_typesupport_fastrtps_c__pyext.dir/rosidl_generator_py/dis_homework1/_dis_homework1_s.ep.rosidl_typesupport_fastrtps_c.c.o[0m
[ 97%] [32m[1mLinking C shared library rosidl_generator_py/dis_homework1/dis_homework1_s__rosidl_typesupport_fastrtps_c.cpython-310-x86_64-linux-gnu.so[0m
[ 97%] [32m[1mLinking C shared library rosidl_generator_py/dis_homework1/dis_homework1_s__rosidl_typesupport_introspection_c.cpython-310-x86_64-linux-gnu.so[0m
[100%] [32m[1mLinking C shared library rosidl_generator_py/dis_homework1/dis_homework1_s__rosidl_typesupport_c.cpython-310-x86_64-linux-gnu.so[0m
[100%] Built target dis_homework1__rosidl_typesupport_c__pyext
[100%] Built target dis_homework1__rosidl_typesupport_fastrtps_c__pyext
[100%] Built target dis_homework1__rosidl_typesupport_introspection_c__pyext
-- Install configuration: ""
-- Execute custom install script
-- Symlinking: /home/xi/Documents/RINS/ROS2/install/dis_homework1/share/ament_index/resource_index/rosidl_interfaces/dis_homework1
-- Symlinking: /home/xi/Documents/RINS/ROS2/install/dis_homework1/include/dis_homework1/dis_homework1/msg/custom_message.h
-- Symlinking: /home/xi/Documents/RINS/ROS2/install/dis_homework1/include/dis_homework1/dis_homework1/msg/detail/custom_message__functions.h
-- Symlinking: /home/xi/Documents/RINS/ROS2/install/dis_homework1/include/dis_homework1/dis_homework1/msg/detail/custom_message__struct.h
-- Symlinking: /home/xi/Documents/RINS/ROS2/install/dis_homework1/include/dis_homework1/dis_homework1/msg/detail/custom_message__type_support.h
-- Symlinking: /home/xi/Documents/RINS/ROS2/install/dis_homework1/include/dis_homework1/dis_homework1/msg/rosidl_generator_c__visibility_control.h
-- Symlinking: /home/xi/Documents/RINS/ROS2/install/dis_homework1/include/dis_homework1/dis_homework1/srv/custom_service.h
-- Symlinking: /home/xi/Documents/RINS/ROS2/install/dis_homework1/include/dis_homework1/dis_homework1/srv/detail/custom_service__functions.h
-- Symlinking: /home/xi/Documents/RINS/ROS2/install/dis_homework1/include/dis_homework1/dis_homework1/srv/detail/custom_service__struct.h
-- Symlinking: /home/xi/Documents/RINS/ROS2/install/dis_homework1/include/dis_homework1/dis_homework1/srv/detail/custom_service__type_support.h
-- Symlinking: /home/xi/Documents/RINS/ROS2/install/dis_homework1/share/dis_homework1/environment/library_path.sh
-- Symlinking: /home/xi/Documents/RINS/ROS2/install/dis_homework1/share/dis_homework1/environment/library_path.dsv
-- Symlinking: /home/xi/Documents/RINS/ROS2/install/dis_homework1/include/dis_homework1/dis_homework1/msg/detail/custom_message__rosidl_typesupport_fastrtps_c.h
-- Symlinking: /home/xi/Documents/RINS/ROS2/install/dis_homework1/include/dis_homework1/dis_homework1/msg/rosidl_typesupport_fastrtps_c__visibility_control.h
-- Symlinking: /home/xi/Documents/RINS/ROS2/install/dis_homework1/include/dis_homework1/dis_homework1/srv/detail/custom_service__rosidl_typesupport_fastrtps_c.h
-- Symlinking: /home/xi/Documents/RINS/ROS2/install/dis_homework1/include/dis_homework1/dis_homework1/msg/custom_message.hpp
-- Symlinking: /home/xi/Documents/RINS/ROS2/install/dis_homework1/include/dis_homework1/dis_homework1/msg/detail/custom_message__builder.hpp
-- Symlinking: /home/xi/Documents/RINS/ROS2/install/dis_homework1/include/dis_homework1/dis_homework1/msg/detail/custom_message__struct.hpp
-- Symlinking: /home/xi/Documents/RINS/ROS2/install/dis_homework1/include/dis_homework1/dis_homework1/msg/detail/custom_message__traits.hpp
-- Symlinking: /home/xi/Documents/RINS/ROS2/install/dis_homework1/include/dis_homework1/dis_homework1/msg/detail/custom_message__type_support.hpp
-- Symlinking: /home/xi/Documents/RINS/ROS2/install/dis_homework1/include/dis_homework1/dis_homework1/msg/rosidl_generator_cpp__visibility_control.hpp
-- Symlinking: /home/xi/Documents/RINS/ROS2/install/dis_homework1/include/dis_homework1/dis_homework1/srv/custom_service.hpp
-- Symlinking: /home/xi/Documents/RINS/ROS2/install/dis_homework1/include/dis_homework1/dis_homework1/srv/detail/custom_service__builder.hpp
-- Symlinking: /home/xi/Documents/RINS/ROS2/install/dis_homework1/include/dis_homework1/dis_homework1/srv/detail/custom_service__struct.hpp
-- Symlinking: /home/xi/Documents/RINS/ROS2/install/dis_homework1/include/dis_homework1/dis_homework1/srv/detail/custom_service__traits.hpp
-- Symlinking: /home/xi/Documents/RINS/ROS2/install/dis_homework1/include/dis_homework1/dis_homework1/srv/detail/custom_service__type_support.hpp
-- Symlinking: /home/xi/Documents/RINS/ROS2/install/dis_homework1/include/dis_homework1/dis_homework1/msg/detail/custom_message__rosidl_typesupport_fastrtps_cpp.hpp
-- Symlinking: /home/xi/Documents/RINS/ROS2/install/dis_homework1/include/dis_homework1/dis_homework1/msg/rosidl_typesupport_fastrtps_cpp__visibility_control.h
-- Symlinking: /home/xi/Documents/RINS/ROS2/install/dis_homework1/include/dis_homework1/dis_homework1/srv/detail/custom_service__rosidl_typesupport_fastrtps_cpp.hpp
-- Symlinking: /home/xi/Documents/RINS/ROS2/install/dis_homework1/include/dis_homework1/dis_homework1/msg/detail/custom_message__rosidl_typesupport_introspection_c.h
-- Symlinking: /home/xi/Documents/RINS/ROS2/install/dis_homework1/include/dis_homework1/dis_homework1/msg/rosidl_typesupport_introspection_c__visibility_control.h
-- Symlinking: /home/xi/Documents/RINS/ROS2/install/dis_homework1/include/dis_homework1/dis_homework1/srv/detail/custom_service__rosidl_typesupport_introspection_c.h
-- Symlinking: /home/xi/Documents/RINS/ROS2/install/dis_homework1/include/dis_homework1/dis_homework1/msg/detail/custom_message__rosidl_typesupport_introspection_cpp.hpp
-- Symlinking: /home/xi/Documents/RINS/ROS2/install/dis_homework1/include/dis_homework1/dis_homework1/srv/detail/custom_service__rosidl_typesupport_introspection_cpp.hpp
-- Symlinking: /home/xi/Documents/RINS/ROS2/install/dis_homework1/share/dis_homework1/environment/pythonpath.sh
-- Symlinking: /home/xi/Documents/RINS/ROS2/install/dis_homework1/share/dis_homework1/environment/pythonpath.dsv
-- Symlinking: /home/xi/Documents/RINS/ROS2/install/dis_homework1/local/lib/python3.10/dist-packages/dis_homework1-0.0.0-py3.10.egg-info/PKG-INFO
-- Symlinking: /home/xi/Documents/RINS/ROS2/install/dis_homework1/local/lib/python3.10/dist-packages/dis_homework1-0.0.0-py3.10.egg-info/SOURCES.txt
-- Symlinking: /home/xi/Documents/RINS/ROS2/install/dis_homework1/local/lib/python3.10/dist-packages/dis_homework1-0.0.0-py3.10.egg-info/dependency_links.txt
-- Symlinking: /home/xi/Documents/RINS/ROS2/install/dis_homework1/local/lib/python3.10/dist-packages/dis_homework1-0.0.0-py3.10.egg-info/top_level.txt
-- Symlinking: /home/xi/Documents/RINS/ROS2/install/dis_homework1/local/lib/python3.10/dist-packages/dis_homework1/__init__.py
-- Symlinking: /home/xi/Documents/RINS/ROS2/install/dis_homework1/local/lib/python3.10/dist-packages/dis_homework1/_dis_homework1_s.ep.rosidl_typesupport_c.c
-- Symlinking: /home/xi/Documents/RINS/ROS2/install/dis_homework1/local/lib/python3.10/dist-packages/dis_homework1/_dis_homework1_s.ep.rosidl_typesupport_fastrtps_c.c
-- Symlinking: /home/xi/Documents/RINS/ROS2/install/dis_homework1/local/lib/python3.10/dist-packages/dis_homework1/_dis_homework1_s.ep.rosidl_typesupport_introspection_c.c
-- Symlinking: /home/xi/Documents/RINS/ROS2/install/dis_homework1/local/lib/python3.10/dist-packages/dis_homework1/dis_homework1_s__rosidl_typesupport_c.cpython-310-x86_64-linux-gnu.so
-- Symlinking: /home/xi/Documents/RINS/ROS2/install/dis_homework1/local/lib/python3.10/dist-packages/dis_homework1/dis_homework1_s__rosidl_typesupport_fastrtps_c.cpython-310-x86_64-linux-gnu.so
-- Symlinking: /home/xi/Documents/RINS/ROS2/install/dis_homework1/local/lib/python3.10/dist-packages/dis_homework1/dis_homework1_s__rosidl_typesupport_introspection_c.cpython-310-x86_64-linux-gnu.so
-- Symlinking: /home/xi/Documents/RINS/ROS2/install/dis_homework1/local/lib/python3.10/dist-packages/dis_homework1/libdis_homework1__rosidl_generator_py.so
-- Symlinking: /home/xi/Documents/RINS/ROS2/install/dis_homework1/local/lib/python3.10/dist-packages/dis_homework1/msg/__init__.py
-- Symlinking: /home/xi/Documents/RINS/ROS2/install/dis_homework1/local/lib/python3.10/dist-packages/dis_homework1/msg/_custom_message.py
-- Symlinking: /home/xi/Documents/RINS/ROS2/install/dis_homework1/local/lib/python3.10/dist-packages/dis_homework1/msg/_custom_message_s.c
-- Symlinking: /home/xi/Documents/RINS/ROS2/install/dis_homework1/local/lib/python3.10/dist-packages/dis_homework1/srv/__init__.py
-- Symlinking: /home/xi/Documents/RINS/ROS2/install/dis_homework1/local/lib/python3.10/dist-packages/dis_homework1/srv/_custom_service.py
-- Symlinking: /home/xi/Documents/RINS/ROS2/install/dis_homework1/local/lib/python3.10/dist-packages/dis_homework1/srv/_custom_service_s.c
-- Up-to-date symlink: /home/xi/Documents/RINS/ROS2/install/dis_homework1/local/lib/python3.10/dist-packages/dis_homework1/dis_homework1_s__rosidl_typesupport_fastrtps_c.cpython-310-x86_64-linux-gnu.so
-- Up-to-date symlink: /home/xi/Documents/RINS/ROS2/install/dis_homework1/local/lib/python3.10/dist-packages/dis_homework1/dis_homework1_s__rosidl_typesupport_introspection_c.cpython-310-x86_64-linux-gnu.so
-- Up-to-date symlink: /home/xi/Documents/RINS/ROS2/install/dis_homework1/local/lib/python3.10/dist-packages/dis_homework1/dis_homework1_s__rosidl_typesupport_c.cpython-310-x86_64-linux-gnu.so
-- Symlinking: /home/xi/Documents/RINS/ROS2/install/dis_homework1/share/dis_homework1/msg/CustomMessage.idl
-- Symlinking: /home/xi/Documents/RINS/ROS2/install/dis_homework1/share/dis_homework1/srv/CustomService.idl
-- Symlinking: /home/xi/Documents/RINS/ROS2/install/dis_homework1/share/dis_homework1/msg/CustomMessage.msg
-- Symlinking: /home/xi/Documents/RINS/ROS2/install/dis_homework1/share/dis_homework1/srv/CustomService.srv
-- Symlinking: /home/xi/Documents/RINS/ROS2/install/dis_homework1/share/dis_homework1/srv/CustomService_Request.msg
-- Symlinking: /home/xi/Documents/RINS/ROS2/install/dis_homework1/share/dis_homework1/srv/CustomService_Response.msg
-- Symlinking: /home/xi/Documents/RINS/ROS2/install/dis_homework1/lib/dis_homework1/custom_publisher.py
-- Symlinking: /home/xi/Documents/RINS/ROS2/install/dis_homework1/lib/dis_homework1/custom_subscriber.py
-- Symlinking: /home/xi/Documents/RINS/ROS2/install/dis_homework1/lib/dis_homework1/custom_server.py
-- Symlinking: /home/xi/Documents/RINS/ROS2/install/dis_homework1/share/ament_index/resource_index/package_run_dependencies/dis_homework1
-- Symlinking: /home/xi/Documents/RINS/ROS2/install/dis_homework1/share/ament_index/resource_index/parent_prefix_path/dis_homework1
-- Symlinking: /home/xi/Documents/RINS/ROS2/install/dis_homework1/share/dis_homework1/environment/ament_prefix_path.sh
-- Symlinking: /home/xi/Documents/RINS/ROS2/install/dis_homework1/share/dis_homework1/environment/ament_prefix_path.dsv
-- Symlinking: /home/xi/Documents/RINS/ROS2/install/dis_homework1/share/dis_homework1/environment/path.sh
-- Symlinking: /home/xi/Documents/RINS/ROS2/install/dis_homework1/share/dis_homework1/environment/path.dsv
-- Symlinking: /home/xi/Documents/RINS/ROS2/install/dis_homework1/share/dis_homework1/local_setup.bash
-- Symlinking: /home/xi/Documents/RINS/ROS2/install/dis_homework1/share/dis_homework1/local_setup.sh
-- Symlinking: /home/xi/Documents/RINS/ROS2/install/dis_homework1/share/dis_homework1/local_setup.zsh
-- Symlinking: /home/xi/Documents/RINS/ROS2/install/dis_homework1/share/dis_homework1/local_setup.dsv
-- Symlinking: /home/xi/Documents/RINS/ROS2/install/dis_homework1/share/dis_homework1/package.dsv
-- Symlinking: /home/xi/Documents/RINS/ROS2/install/dis_homework1/share/ament_index/resource_index/packages/dis_homework1
-- Symlinking: /home/xi/Documents/RINS/ROS2/install/dis_homework1/share/dis_homework1/cmake/rosidl_cmake-extras.cmake
-- Symlinking: /home/xi/Documents/RINS/ROS2/install/dis_homework1/share/dis_homework1/cmake/ament_cmake_export_dependencies-extras.cmake
-- Symlinking: /home/xi/Documents/RINS/ROS2/install/dis_homework1/share/dis_homework1/cmake/ament_cmake_export_include_directories-extras.cmake
-- Symlinking: /home/xi/Documents/RINS/ROS2/install/dis_homework1/share/dis_homework1/cmake/ament_cmake_export_libraries-extras.cmake
-- Symlinking: /home/xi/Documents/RINS/ROS2/install/dis_homework1/share/dis_homework1/cmake/ament_cmake_export_targets-extras.cmake
-- Symlinking: /home/xi/Documents/RINS/ROS2/install/dis_homework1/share/dis_homework1/cmake/rosidl_cmake_export_typesupport_targets-extras.cmake
-- Symlinking: /home/xi/Documents/RINS/ROS2/install/dis_homework1/share/dis_homework1/cmake/rosidl_cmake_export_typesupport_libraries-extras.cmake
-- Symlinking: /home/xi/Documents/RINS/ROS2/install/dis_homework1/share/dis_homework1/cmake/dis_homework1Config.cmake
-- Symlinking: /home/xi/Documents/RINS/ROS2/install/dis_homework1/share/dis_homework1/cmake/dis_homework1Config-version.cmake
-- Symlinking: /home/xi/Documents/RINS/ROS2/install/dis_homework1/share/dis_homework1/package.xml
-- Installing: /home/xi/Documents/RINS/ROS2/install/dis_homework1/lib/libdis_homework1__rosidl_generator_c.so
-- Set runtime path of "/home/xi/Documents/RINS/ROS2/install/dis_homework1/lib/libdis_homework1__rosidl_generator_c.so" to ""
-- Installing: /home/xi/Documents/RINS/ROS2/install/dis_homework1/lib/libdis_homework1__rosidl_typesupport_fastrtps_c.so
-- Set runtime path of "/home/xi/Documents/RINS/ROS2/install/dis_homework1/lib/libdis_homework1__rosidl_typesupport_fastrtps_c.so" to ""
-- Installing: /home/xi/Documents/RINS/ROS2/install/dis_homework1/lib/libdis_homework1__rosidl_typesupport_fastrtps_cpp.so
-- Set runtime path of "/home/xi/Documents/RINS/ROS2/install/dis_homework1/lib/libdis_homework1__rosidl_typesupport_fastrtps_cpp.so" to ""
-- Installing: /home/xi/Documents/RINS/ROS2/install/dis_homework1/lib/libdis_homework1__rosidl_typesupport_introspection_c.so
-- Set runtime path of "/home/xi/Documents/RINS/ROS2/install/dis_homework1/lib/libdis_homework1__rosidl_typesupport_introspection_c.so" to ""
-- Installing: /home/xi/Documents/RINS/ROS2/install/dis_homework1/lib/libdis_homework1__rosidl_typesupport_c.so
-- Set runtime path of "/home/xi/Documents/RINS/ROS2/install/dis_homework1/lib/libdis_homework1__rosidl_typesupport_c.so" to ""
-- Installing: /home/xi/Documents/RINS/ROS2/install/dis_homework1/lib/libdis_homework1__rosidl_typesupport_introspection_cpp.so
-- Set runtime path of "/home/xi/Documents/RINS/ROS2/install/dis_homework1/lib/libdis_homework1__rosidl_typesupport_introspection_cpp.so" to ""
-- Installing: /home/xi/Documents/RINS/ROS2/install/dis_homework1/lib/libdis_homework1__rosidl_typesupport_cpp.so
-- Set runtime path of "/home/xi/Documents/RINS/ROS2/install/dis_homework1/lib/libdis_homework1__rosidl_typesupport_cpp.so" to ""
Listing '/home/xi/Documents/RINS/ROS2/install/dis_homework1/local/lib/python3.10/dist-packages/dis_homework1'...
Compiling '/home/xi/Documents/RINS/ROS2/install/dis_homework1/local/lib/python3.10/dist-packages/dis_homework1/__init__.py'...
Listing '/home/xi/Documents/RINS/ROS2/install/dis_homework1/local/lib/python3.10/dist-packages/dis_homework1/msg'...
Compiling '/home/xi/Documents/RINS/ROS2/install/dis_homework1/local/lib/python3.10/dist-packages/dis_homework1/msg/__init__.py'...
Compiling '/home/xi/Documents/RINS/ROS2/install/dis_homework1/local/lib/python3.10/dist-packages/dis_homework1/msg/_custom_message.py'...
Listing '/home/xi/Documents/RINS/ROS2/install/dis_homework1/local/lib/python3.10/dist-packages/dis_homework1/srv'...
Compiling '/home/xi/Documents/RINS/ROS2/install/dis_homework1/local/lib/python3.10/dist-packages/dis_homework1/srv/__init__.py'...
Compiling '/home/xi/Documents/RINS/ROS2/install/dis_homework1/local/lib/python3.10/dist-packages/dis_homework1/srv/_custom_service.py'...
-- Installing: /home/xi/Documents/RINS/ROS2/install/dis_homework1/lib/libdis_homework1__rosidl_generator_py.so
-- Set runtime path of "/home/xi/Documents/RINS/ROS2/install/dis_homework1/lib/libdis_homework1__rosidl_generator_py.so" to ""
-- Installing: /home/xi/Documents/RINS/ROS2/install/dis_homework1/share/dis_homework1/cmake/export_dis_homework1__rosidl_generator_cExport.cmake
-- Installing: /home/xi/Documents/RINS/ROS2/install/dis_homework1/share/dis_homework1/cmake/export_dis_homework1__rosidl_generator_cExport-noconfig.cmake
-- Installing: /home/xi/Documents/RINS/ROS2/install/dis_homework1/share/dis_homework1/cmake/export_dis_homework1__rosidl_typesupport_fastrtps_cExport.cmake
-- Installing: /home/xi/Documents/RINS/ROS2/install/dis_homework1/share/dis_homework1/cmake/export_dis_homework1__rosidl_typesupport_fastrtps_cExport-noconfig.cmake
-- Installing: /home/xi/Documents/RINS/ROS2/install/dis_homework1/share/dis_homework1/cmake/export_dis_homework1__rosidl_generator_cppExport.cmake
-- Installing: /home/xi/Documents/RINS/ROS2/install/dis_homework1/share/dis_homework1/cmake/export_dis_homework1__rosidl_typesupport_fastrtps_cppExport.cmake
-- Installing: /home/xi/Documents/RINS/ROS2/install/dis_homework1/share/dis_homework1/cmake/export_dis_homework1__rosidl_typesupport_fastrtps_cppExport-noconfig.cmake
-- Installing: /home/xi/Documents/RINS/ROS2/install/dis_homework1/share/dis_homework1/cmake/dis_homework1__rosidl_typesupport_introspection_cExport.cmake
-- Installing: /home/xi/Documents/RINS/ROS2/install/dis_homework1/share/dis_homework1/cmake/dis_homework1__rosidl_typesupport_introspection_cExport-noconfig.cmake
-- Installing: /home/xi/Documents/RINS/ROS2/install/dis_homework1/share/dis_homework1/cmake/dis_homework1__rosidl_typesupport_cExport.cmake
-- Installing: /home/xi/Documents/RINS/ROS2/install/dis_homework1/share/dis_homework1/cmake/dis_homework1__rosidl_typesupport_cExport-noconfig.cmake
-- Installing: /home/xi/Documents/RINS/ROS2/install/dis_homework1/share/dis_homework1/cmake/dis_homework1__rosidl_typesupport_introspection_cppExport.cmake
-- Installing: /home/xi/Documents/RINS/ROS2/install/dis_homework1/share/dis_homework1/cmake/dis_homework1__rosidl_typesupport_introspection_cppExport-noconfig.cmake
-- Installing: /home/xi/Documents/RINS/ROS2/install/dis_homework1/share/dis_homework1/cmake/dis_homework1__rosidl_typesupport_cppExport.cmake
-- Installing: /home/xi/Documents/RINS/ROS2/install/dis_homework1/share/dis_homework1/cmake/dis_homework1__rosidl_typesupport_cppExport-noconfig.cmake
-- Installing: /home/xi/Documents/RINS/ROS2/install/dis_homework1/share/dis_homework1/cmake/export_dis_homework1__rosidl_generator_pyExport.cmake
-- Installing: /home/xi/Documents/RINS/ROS2/install/dis_homework1/share/dis_homework1/cmake/export_dis_homework1__rosidl_generator_pyExport-noconfig.cmake
