[0.093s] DEBUG:colcon:Command line arguments: ['/usr/bin/colcon', 'build', '--packages-select', 'dis_homework1', '--symlink-install']
[0.093s] DEBUG:colcon:Parsed command line arguments: Namespace(log_base=None, log_level=None, verb_name='build', build_base='build', install_base='install', merge_install=False, symlink_install=True, test_result_base=None, continue_on_error=False, executor='parallel', parallel_workers=12, event_handlers=None, ignore_user_meta=False, metas=['./colcon.meta'], base_paths=['.'], packages_ignore=None, packages_ignore_regex=None, paths=None, packages_up_to=None, packages_up_to_regex=None, packages_above=None, packages_above_and_dependencies=None, packages_above_depth=None, packages_select_by_dep=None, packages_skip_by_dep=None, packages_skip_up_to=None, packages_select_build_failed=False, packages_skip_build_finished=False, packages_select_test_failures=False, packages_skip_test_passed=False, packages_select=['dis_homework1'], packages_skip=None, packages_select_regex=None, packages_skip_regex=None, packages_start=None, packages_end=None, allow_overriding=[], cmake_args=None, cmake_target=None, cmake_target_skip_unavailable=False, cmake_clean_cache=False, cmake_clean_first=False, cmake_force_configure=False, ament_cmake_args=None, catkin_cmake_args=None, catkin_skip_building_tests=False, mixin_files=None, mixin=None, verb_parser=<colcon_mixin.mixin.mixin_argument.MixinArgumentDecorator object at 0x766f97a55780>, verb_extension=<colcon_core.verb.build.BuildVerb object at 0x766f97bcf4f0>, main=<bound method BuildVerb.main of <colcon_core.verb.build.BuildVerb object at 0x766f97bcf4f0>>, mixin_verb=('build',))
[0.232s] Level 1:colcon.colcon_core.package_discovery:discover_packages(colcon_meta) check parameters
[0.232s] Level 1:colcon.colcon_core.package_discovery:discover_packages(recursive) check parameters
[0.232s] Level 1:colcon.colcon_core.package_discovery:discover_packages(ignore) check parameters
[0.232s] Level 1:colcon.colcon_core.package_discovery:discover_packages(path) check parameters
[0.232s] Level 1:colcon.colcon_core.package_discovery:discover_packages(colcon_meta) discover
[0.232s] Level 1:colcon.colcon_core.package_discovery:discover_packages(recursive) discover
[0.232s] INFO:colcon.colcon_core.package_discovery:Crawling recursively for packages in '/home/xi/Documents/RINS/ROS2'
[0.232s] Level 1:colcon.colcon_core.package_identification:_identify(.) by extensions ['ignore', 'ignore_ament_install']
[0.232s] Level 1:colcon.colcon_core.package_identification:_identify(.) by extension 'ignore'
[0.232s] Level 1:colcon.colcon_core.package_identification:_identify(.) by extension 'ignore_ament_install'
[0.232s] Level 1:colcon.colcon_core.package_identification:_identify(.) by extensions ['colcon_pkg']
[0.232s] Level 1:colcon.colcon_core.package_identification:_identify(.) by extension 'colcon_pkg'
[0.233s] Level 1:colcon.colcon_core.package_identification:_identify(.) by extensions ['colcon_meta']
[0.233s] Level 1:colcon.colcon_core.package_identification:_identify(.) by extension 'colcon_meta'
[0.233s] Level 1:colcon.colcon_core.package_identification:_identify(.) by extensions ['ros']
[0.233s] Level 1:colcon.colcon_core.package_identification:_identify(.) by extension 'ros'
[0.242s] Level 1:colcon.colcon_core.package_identification:_identify(.) by extensions ['cmake', 'python']
[0.242s] Level 1:colcon.colcon_core.package_identification:_identify(.) by extension 'cmake'
[0.242s] Level 1:colcon.colcon_core.package_identification:_identify(.) by extension 'python'
[0.242s] Level 1:colcon.colcon_core.package_identification:_identify(.) by extensions ['python_setup_py']
[0.242s] Level 1:colcon.colcon_core.package_identification:_identify(.) by extension 'python_setup_py'
[0.242s] Level 1:colcon.colcon_core.package_identification:_identify(build) by extensions ['ignore', 'ignore_ament_install']
[0.242s] Level 1:colcon.colcon_core.package_identification:_identify(build) by extension 'ignore'
[0.242s] Level 1:colcon.colcon_core.package_identification:_identify(build) ignored
[0.242s] Level 1:colcon.colcon_core.package_identification:_identify(install) by extensions ['ignore', 'ignore_ament_install']
[0.243s] Level 1:colcon.colcon_core.package_identification:_identify(install) by extension 'ignore'
[0.243s] Level 1:colcon.colcon_core.package_identification:_identify(install) ignored
[0.243s] Level 1:colcon.colcon_core.package_identification:_identify(log) by extensions ['ignore', 'ignore_ament_install']
[0.243s] Level 1:colcon.colcon_core.package_identification:_identify(log) by extension 'ignore'
[0.243s] Level 1:colcon.colcon_core.package_identification:_identify(log) ignored
[0.243s] Level 1:colcon.colcon_core.package_identification:_identify(src) by extensions ['ignore', 'ignore_ament_install']
[0.243s] Level 1:colcon.colcon_core.package_identification:_identify(src) by extension 'ignore'
[0.243s] Level 1:colcon.colcon_core.package_identification:_identify(src) by extension 'ignore_ament_install'
[0.243s] Level 1:colcon.colcon_core.package_identification:_identify(src) by extensions ['colcon_pkg']
[0.243s] Level 1:colcon.colcon_core.package_identification:_identify(src) by extension 'colcon_pkg'
[0.243s] Level 1:colcon.colcon_core.package_identification:_identify(src) by extensions ['colcon_meta']
[0.243s] Level 1:colcon.colcon_core.package_identification:_identify(src) by extension 'colcon_meta'
[0.243s] Level 1:colcon.colcon_core.package_identification:_identify(src) by extensions ['ros']
[0.243s] Level 1:colcon.colcon_core.package_identification:_identify(src) by extension 'ros'
[0.243s] Level 1:colcon.colcon_core.package_identification:_identify(src) by extensions ['cmake', 'python']
[0.243s] Level 1:colcon.colcon_core.package_identification:_identify(src) by extension 'cmake'
[0.243s] Level 1:colcon.colcon_core.package_identification:_identify(src) by extension 'python'
[0.243s] Level 1:colcon.colcon_core.package_identification:_identify(src) by extensions ['python_setup_py']
[0.243s] Level 1:colcon.colcon_core.package_identification:_identify(src) by extension 'python_setup_py'
[0.243s] Level 1:colcon.colcon_core.package_identification:_identify(src/dis_homework1) by extensions ['ignore', 'ignore_ament_install']
[0.243s] Level 1:colcon.colcon_core.package_identification:_identify(src/dis_homework1) by extension 'ignore'
[0.243s] Level 1:colcon.colcon_core.package_identification:_identify(src/dis_homework1) by extension 'ignore_ament_install'
[0.244s] Level 1:colcon.colcon_core.package_identification:_identify(src/dis_homework1) by extensions ['colcon_pkg']
[0.244s] Level 1:colcon.colcon_core.package_identification:_identify(src/dis_homework1) by extension 'colcon_pkg'
[0.244s] Level 1:colcon.colcon_core.package_identification:_identify(src/dis_homework1) by extensions ['colcon_meta']
[0.244s] Level 1:colcon.colcon_core.package_identification:_identify(src/dis_homework1) by extension 'colcon_meta'
[0.244s] Level 1:colcon.colcon_core.package_identification:_identify(src/dis_homework1) by extensions ['ros']
[0.244s] Level 1:colcon.colcon_core.package_identification:_identify(src/dis_homework1) by extension 'ros'
[0.246s] DEBUG:colcon.colcon_core.package_identification:Package 'src/dis_homework1' with type 'ros.ament_cmake' and name 'dis_homework1'
[0.246s] Level 1:colcon.colcon_core.package_identification:_identify(src/dis_tutorial1) by extensions ['ignore', 'ignore_ament_install']
[0.246s] Level 1:colcon.colcon_core.package_identification:_identify(src/dis_tutorial1) by extension 'ignore'
[0.246s] Level 1:colcon.colcon_core.package_identification:_identify(src/dis_tutorial1) by extension 'ignore_ament_install'
[0.246s] Level 1:colcon.colcon_core.package_identification:_identify(src/dis_tutorial1) by extensions ['colcon_pkg']
[0.246s] Level 1:colcon.colcon_core.package_identification:_identify(src/dis_tutorial1) by extension 'colcon_pkg'
[0.246s] Level 1:colcon.colcon_core.package_identification:_identify(src/dis_tutorial1) by extensions ['colcon_meta']
[0.246s] Level 1:colcon.colcon_core.package_identification:_identify(src/dis_tutorial1) by extension 'colcon_meta'
[0.246s] Level 1:colcon.colcon_core.package_identification:_identify(src/dis_tutorial1) by extensions ['ros']
[0.246s] Level 1:colcon.colcon_core.package_identification:_identify(src/dis_tutorial1) by extension 'ros'
[0.247s] DEBUG:colcon.colcon_core.package_identification:Package 'src/dis_tutorial1' with type 'ros.ament_cmake' and name 'dis_tutorial1'
[0.247s] Level 1:colcon.colcon_core.package_identification:_identify(src/dis_tutorial2) by extensions ['ignore', 'ignore_ament_install']
[0.247s] Level 1:colcon.colcon_core.package_identification:_identify(src/dis_tutorial2) by extension 'ignore'
[0.247s] Level 1:colcon.colcon_core.package_identification:_identify(src/dis_tutorial2) by extension 'ignore_ament_install'
[0.247s] Level 1:colcon.colcon_core.package_identification:_identify(src/dis_tutorial2) by extensions ['colcon_pkg']
[0.247s] Level 1:colcon.colcon_core.package_identification:_identify(src/dis_tutorial2) by extension 'colcon_pkg'
[0.248s] Level 1:colcon.colcon_core.package_identification:_identify(src/dis_tutorial2) by extensions ['colcon_meta']
[0.248s] Level 1:colcon.colcon_core.package_identification:_identify(src/dis_tutorial2) by extension 'colcon_meta'
[0.248s] Level 1:colcon.colcon_core.package_identification:_identify(src/dis_tutorial2) by extensions ['ros']
[0.248s] Level 1:colcon.colcon_core.package_identification:_identify(src/dis_tutorial2) by extension 'ros'
[0.248s] DEBUG:colcon.colcon_core.package_identification:Package 'src/dis_tutorial2' with type 'ros.ament_python' and name 'dis_tutorial2'
[0.248s] Level 1:colcon.colcon_core.package_discovery:discover_packages(recursive) using defaults
[0.248s] Level 1:colcon.colcon_core.package_discovery:discover_packages(ignore) discover
[0.248s] Level 1:colcon.colcon_core.package_discovery:discover_packages(ignore) using defaults
[0.248s] Level 1:colcon.colcon_core.package_discovery:discover_packages(path) discover
[0.248s] Level 1:colcon.colcon_core.package_discovery:discover_packages(path) using defaults
[0.272s] INFO:colcon.colcon_core.package_selection:Skipping not selected package 'dis_tutorial1' in 'src/dis_tutorial1'
[0.272s] INFO:colcon.colcon_core.package_selection:Skipping not selected package 'dis_tutorial2' in 'src/dis_tutorial2'
[0.272s] Level 1:colcon.colcon_core.package_discovery:discover_packages(prefix_path) check parameters
[0.273s] Level 1:colcon.colcon_core.package_discovery:discover_packages(prefix_path) discover
[0.273s] WARNING:colcon.colcon_ros.prefix_path.ament:The path '/home/xi/Documents/RINS/ROS2/install/dis_tutorial2' in the environment variable AMENT_PREFIX_PATH doesn't exist
[0.273s] WARNING:colcon.colcon_ros.prefix_path.ament:The path '/home/xi/Documents/RINS/ROS2/install/dis_tutorial1' in the environment variable AMENT_PREFIX_PATH doesn't exist
[0.273s] WARNING:colcon.colcon_ros.prefix_path.ament:The path '/home/xi/Documents/RINS/ROS2/install/dis_homework1' in the environment variable AMENT_PREFIX_PATH doesn't exist
[0.274s] WARNING:colcon.colcon_ros.prefix_path.catkin:The path '/home/xi/Documents/RINS/ROS2/install/dis_tutorial1' in the environment variable CMAKE_PREFIX_PATH doesn't exist
[0.274s] WARNING:colcon.colcon_ros.prefix_path.catkin:The path '/home/xi/Documents/RINS/ROS2/install/dis_homework1' in the environment variable CMAKE_PREFIX_PATH doesn't exist
[0.274s] DEBUG:colcon.colcon_installed_package_information.package_discovery:Found 0 installed packages in /home/xi/Documents/RINS/ROS2/install
[0.275s] DEBUG:colcon.colcon_installed_package_information.package_discovery:Found 271 installed packages in /opt/ros/humble
[0.276s] Level 1:colcon.colcon_core.package_discovery:discover_packages(prefix_path) using defaults
[0.310s] Level 5:colcon.colcon_core.verb:set package 'dis_homework1' build argument 'cmake_args' from command line to 'None'
[0.310s] Level 5:colcon.colcon_core.verb:set package 'dis_homework1' build argument 'cmake_target' from command line to 'None'
[0.310s] Level 5:colcon.colcon_core.verb:set package 'dis_homework1' build argument 'cmake_target_skip_unavailable' from command line to 'False'
[0.310s] Level 5:colcon.colcon_core.verb:set package 'dis_homework1' build argument 'cmake_clean_cache' from command line to 'False'
[0.310s] Level 5:colcon.colcon_core.verb:set package 'dis_homework1' build argument 'cmake_clean_first' from command line to 'False'
[0.310s] Level 5:colcon.colcon_core.verb:set package 'dis_homework1' build argument 'cmake_force_configure' from command line to 'False'
[0.310s] Level 5:colcon.colcon_core.verb:set package 'dis_homework1' build argument 'ament_cmake_args' from command line to 'None'
[0.310s] Level 5:colcon.colcon_core.verb:set package 'dis_homework1' build argument 'catkin_cmake_args' from command line to 'None'
[0.310s] Level 5:colcon.colcon_core.verb:set package 'dis_homework1' build argument 'catkin_skip_building_tests' from command line to 'False'
[0.310s] DEBUG:colcon.colcon_core.verb:Building package 'dis_homework1' with the following arguments: {'ament_cmake_args': None, 'build_base': '/home/xi/Documents/RINS/ROS2/build/dis_homework1', 'catkin_cmake_args': None, 'catkin_skip_building_tests': False, 'cmake_args': None, 'cmake_clean_cache': False, 'cmake_clean_first': False, 'cmake_force_configure': False, 'cmake_target': None, 'cmake_target_skip_unavailable': False, 'install_base': '/home/xi/Documents/RINS/ROS2/install/dis_homework1', 'merge_install': False, 'path': '/home/xi/Documents/RINS/ROS2/src/dis_homework1', 'symlink_install': True, 'test_result_base': None}
[0.310s] INFO:colcon.colcon_core.executor:Executing jobs using 'parallel' executor
[0.311s] DEBUG:colcon.colcon_parallel_executor.executor.parallel:run_until_complete
[0.312s] INFO:colcon.colcon_ros.task.ament_cmake.build:Building ROS package in '/home/xi/Documents/RINS/ROS2/src/dis_homework1' with build type 'ament_cmake'
[0.312s] INFO:colcon.colcon_cmake.task.cmake.build:Building CMake package in '/home/xi/Documents/RINS/ROS2/src/dis_homework1'
[0.313s] INFO:colcon.colcon_core.plugin_system:Skipping extension 'colcon_core.shell.bat': Not used on non-Windows systems
[0.313s] INFO:colcon.colcon_core.shell:Skip shell extension 'powershell' for command environment: Not usable outside of PowerShell
[0.314s] DEBUG:colcon.colcon_core.shell:Skip shell extension 'dsv' for command environment
[0.320s] DEBUG:colcon.colcon_core.event_handler.log_command:Invoking command in '/home/xi/Documents/RINS/ROS2/build/dis_homework1': CMAKE_PREFIX_PATH=${CMAKE_PREFIX_PATH}:/home/xi/Documents/RINS/ROS2/install/dis_tutorial2:/opt/ros/humble /usr/bin/cmake /home/xi/Documents/RINS/ROS2/src/dis_homework1 -DAMENT_CMAKE_SYMLINK_INSTALL=1 -DCMAKE_INSTALL_PREFIX=/home/xi/Documents/RINS/ROS2/install/dis_homework1
[2.078s] DEBUG:colcon.colcon_core.event_handler.log_command:Invoked command in '/home/xi/Documents/RINS/ROS2/build/dis_homework1' returned '0': CMAKE_PREFIX_PATH=${CMAKE_PREFIX_PATH}:/home/xi/Documents/RINS/ROS2/install/dis_tutorial2:/opt/ros/humble /usr/bin/cmake /home/xi/Documents/RINS/ROS2/src/dis_homework1 -DAMENT_CMAKE_SYMLINK_INSTALL=1 -DCMAKE_INSTALL_PREFIX=/home/xi/Documents/RINS/ROS2/install/dis_homework1
[2.080s] DEBUG:colcon.colcon_core.event_handler.log_command:Invoking command in '/home/xi/Documents/RINS/ROS2/build/dis_homework1': CMAKE_PREFIX_PATH=${CMAKE_PREFIX_PATH}:/home/xi/Documents/RINS/ROS2/install/dis_tutorial2:/opt/ros/humble /usr/bin/cmake --build /home/xi/Documents/RINS/ROS2/build/dis_homework1 -- -j12 -l12
[4.098s] DEBUG:colcon.colcon_core.event_handler.log_command:Invoked command in '/home/xi/Documents/RINS/ROS2/build/dis_homework1' returned '0': CMAKE_PREFIX_PATH=${CMAKE_PREFIX_PATH}:/home/xi/Documents/RINS/ROS2/install/dis_tutorial2:/opt/ros/humble /usr/bin/cmake --build /home/xi/Documents/RINS/ROS2/build/dis_homework1 -- -j12 -l12
[4.106s] DEBUG:colcon.colcon_core.event_handler.log_command:Invoking command in '/home/xi/Documents/RINS/ROS2/build/dis_homework1': CMAKE_PREFIX_PATH=${CMAKE_PREFIX_PATH}:/home/xi/Documents/RINS/ROS2/install/dis_tutorial2:/opt/ros/humble /usr/bin/cmake --install /home/xi/Documents/RINS/ROS2/build/dis_homework1
[4.782s] Level 1:colcon.colcon_core.environment:create_environment_scripts_only(dis_homework1)
[4.782s] DEBUG:colcon.colcon_core.event_handler.log_command:Invoked command in '/home/xi/Documents/RINS/ROS2/build/dis_homework1' returned '0': CMAKE_PREFIX_PATH=${CMAKE_PREFIX_PATH}:/home/xi/Documents/RINS/ROS2/install/dis_tutorial2:/opt/ros/humble /usr/bin/cmake --install /home/xi/Documents/RINS/ROS2/build/dis_homework1
[4.784s] Level 1:colcon.colcon_core.environment:checking '/home/xi/Documents/RINS/ROS2/install/dis_homework1' for CMake module files
[4.785s] Level 1:colcon.colcon_core.environment:checking '/home/xi/Documents/RINS/ROS2/install/dis_homework1' for CMake config files
[4.786s] Level 1:colcon.colcon_core.shell:create_environment_hook('dis_homework1', 'cmake_prefix_path')
[4.786s] INFO:colcon.colcon_core.shell:Creating environment hook '/home/xi/Documents/RINS/ROS2/install/dis_homework1/share/dis_homework1/hook/cmake_prefix_path.ps1'
[4.786s] INFO:colcon.colcon_core.shell:Creating environment descriptor '/home/xi/Documents/RINS/ROS2/install/dis_homework1/share/dis_homework1/hook/cmake_prefix_path.dsv'
[4.787s] INFO:colcon.colcon_core.shell:Creating environment hook '/home/xi/Documents/RINS/ROS2/install/dis_homework1/share/dis_homework1/hook/cmake_prefix_path.sh'
[4.788s] Level 1:colcon.colcon_core.environment:checking '/home/xi/Documents/RINS/ROS2/install/dis_homework1/lib'
[4.788s] Level 1:colcon.colcon_core.shell:create_environment_hook('dis_homework1', 'ld_library_path_lib')
[4.788s] INFO:colcon.colcon_core.shell:Creating environment hook '/home/xi/Documents/RINS/ROS2/install/dis_homework1/share/dis_homework1/hook/ld_library_path_lib.ps1'
[4.788s] INFO:colcon.colcon_core.shell:Creating environment descriptor '/home/xi/Documents/RINS/ROS2/install/dis_homework1/share/dis_homework1/hook/ld_library_path_lib.dsv'
[4.788s] INFO:colcon.colcon_core.shell:Creating environment hook '/home/xi/Documents/RINS/ROS2/install/dis_homework1/share/dis_homework1/hook/ld_library_path_lib.sh'
[4.789s] Level 1:colcon.colcon_core.environment:checking '/home/xi/Documents/RINS/ROS2/install/dis_homework1/bin'
[4.789s] Level 1:colcon.colcon_core.environment:checking '/home/xi/Documents/RINS/ROS2/install/dis_homework1/lib/pkgconfig/dis_homework1.pc'
[4.789s] Level 1:colcon.colcon_core.environment:checking '/home/xi/Documents/RINS/ROS2/install/dis_homework1/lib/python3.10/site-packages'
[4.789s] Level 1:colcon.colcon_core.environment:checking '/home/xi/Documents/RINS/ROS2/install/dis_homework1/bin'
[4.789s] INFO:colcon.colcon_core.shell:Creating package script '/home/xi/Documents/RINS/ROS2/install/dis_homework1/share/dis_homework1/package.ps1'
[4.790s] INFO:colcon.colcon_core.shell:Creating package descriptor '/home/xi/Documents/RINS/ROS2/install/dis_homework1/share/dis_homework1/package.dsv'
[4.791s] INFO:colcon.colcon_core.shell:Creating package script '/home/xi/Documents/RINS/ROS2/install/dis_homework1/share/dis_homework1/package.sh'
[4.791s] INFO:colcon.colcon_core.shell:Creating package script '/home/xi/Documents/RINS/ROS2/install/dis_homework1/share/dis_homework1/package.bash'
[4.792s] INFO:colcon.colcon_core.shell:Creating package script '/home/xi/Documents/RINS/ROS2/install/dis_homework1/share/dis_homework1/package.zsh'
[4.792s] Level 1:colcon.colcon_core.environment:create_file_with_runtime_dependencies(/home/xi/Documents/RINS/ROS2/install/dis_homework1/share/colcon-core/packages/dis_homework1)
[4.793s] Level 1:colcon.colcon_core.environment:create_environment_scripts_only(dis_homework1)
[4.793s] Level 1:colcon.colcon_core.environment:checking '/home/xi/Documents/RINS/ROS2/install/dis_homework1' for CMake module files
[4.794s] Level 1:colcon.colcon_core.environment:checking '/home/xi/Documents/RINS/ROS2/install/dis_homework1' for CMake config files
[4.795s] Level 1:colcon.colcon_core.shell:create_environment_hook('dis_homework1', 'cmake_prefix_path')
[4.795s] INFO:colcon.colcon_core.shell:Creating environment hook '/home/xi/Documents/RINS/ROS2/install/dis_homework1/share/dis_homework1/hook/cmake_prefix_path.ps1'
[4.795s] INFO:colcon.colcon_core.shell:Creating environment descriptor '/home/xi/Documents/RINS/ROS2/install/dis_homework1/share/dis_homework1/hook/cmake_prefix_path.dsv'
[4.795s] INFO:colcon.colcon_core.shell:Creating environment hook '/home/xi/Documents/RINS/ROS2/install/dis_homework1/share/dis_homework1/hook/cmake_prefix_path.sh'
[4.796s] Level 1:colcon.colcon_core.environment:checking '/home/xi/Documents/RINS/ROS2/install/dis_homework1/lib'
[4.796s] Level 1:colcon.colcon_core.shell:create_environment_hook('dis_homework1', 'ld_library_path_lib')
[4.796s] INFO:colcon.colcon_core.shell:Creating environment hook '/home/xi/Documents/RINS/ROS2/install/dis_homework1/share/dis_homework1/hook/ld_library_path_lib.ps1'
[4.796s] INFO:colcon.colcon_core.shell:Creating environment descriptor '/home/xi/Documents/RINS/ROS2/install/dis_homework1/share/dis_homework1/hook/ld_library_path_lib.dsv'
[4.797s] INFO:colcon.colcon_core.shell:Creating environment hook '/home/xi/Documents/RINS/ROS2/install/dis_homework1/share/dis_homework1/hook/ld_library_path_lib.sh'
[4.797s] Level 1:colcon.colcon_core.environment:checking '/home/xi/Documents/RINS/ROS2/install/dis_homework1/bin'
[4.797s] Level 1:colcon.colcon_core.environment:checking '/home/xi/Documents/RINS/ROS2/install/dis_homework1/lib/pkgconfig/dis_homework1.pc'
[4.797s] Level 1:colcon.colcon_core.environment:checking '/home/xi/Documents/RINS/ROS2/install/dis_homework1/lib/python3.10/site-packages'
[4.797s] Level 1:colcon.colcon_core.environment:checking '/home/xi/Documents/RINS/ROS2/install/dis_homework1/bin'
[4.798s] INFO:colcon.colcon_core.shell:Creating package script '/home/xi/Documents/RINS/ROS2/install/dis_homework1/share/dis_homework1/package.ps1'
[4.798s] INFO:colcon.colcon_core.shell:Creating package descriptor '/home/xi/Documents/RINS/ROS2/install/dis_homework1/share/dis_homework1/package.dsv'
[4.798s] INFO:colcon.colcon_core.shell:Creating package script '/home/xi/Documents/RINS/ROS2/install/dis_homework1/share/dis_homework1/package.sh'
[4.799s] INFO:colcon.colcon_core.shell:Creating package script '/home/xi/Documents/RINS/ROS2/install/dis_homework1/share/dis_homework1/package.bash'
[4.799s] INFO:colcon.colcon_core.shell:Creating package script '/home/xi/Documents/RINS/ROS2/install/dis_homework1/share/dis_homework1/package.zsh'
[4.799s] Level 1:colcon.colcon_core.environment:create_file_with_runtime_dependencies(/home/xi/Documents/RINS/ROS2/install/dis_homework1/share/colcon-core/packages/dis_homework1)
[4.800s] DEBUG:colcon.colcon_parallel_executor.executor.parallel:closing loop
[4.800s] DEBUG:colcon.colcon_parallel_executor.executor.parallel:loop closed
[4.800s] DEBUG:colcon.colcon_parallel_executor.executor.parallel:run_until_complete finished with '0'
[4.800s] DEBUG:colcon.colcon_core.event_reactor:joining thread
[4.805s] INFO:colcon.colcon_core.plugin_system:Skipping extension 'colcon_notification.desktop_notification.notify_send': Could not find 'notify-send'
[4.805s] INFO:colcon.colcon_core.plugin_system:Skipping extension 'colcon_notification.desktop_notification.terminal_notifier': Not used on non-Darwin systems
[4.805s] INFO:colcon.colcon_core.plugin_system:Skipping extension 'colcon_notification.desktop_notification.win32': Not used on non-Windows systems
[4.805s] INFO:colcon.colcon_notification.desktop_notification:Sending desktop notification using 'notify2'
[4.825s] DEBUG:colcon.colcon_core.event_reactor:joined thread
[4.825s] INFO:colcon.colcon_core.shell:Creating prefix script '/home/xi/Documents/RINS/ROS2/install/local_setup.ps1'
[4.826s] INFO:colcon.colcon_core.shell:Creating prefix util module '/home/xi/Documents/RINS/ROS2/install/_local_setup_util_ps1.py'
[4.827s] INFO:colcon.colcon_core.shell:Creating prefix chain script '/home/xi/Documents/RINS/ROS2/install/setup.ps1'
[4.828s] INFO:colcon.colcon_core.shell:Creating prefix script '/home/xi/Documents/RINS/ROS2/install/local_setup.sh'
[4.829s] INFO:colcon.colcon_core.shell:Creating prefix util module '/home/xi/Documents/RINS/ROS2/install/_local_setup_util_sh.py'
[4.830s] INFO:colcon.colcon_core.shell:Creating prefix chain script '/home/xi/Documents/RINS/ROS2/install/setup.sh'
[4.831s] INFO:colcon.colcon_core.shell:Creating prefix script '/home/xi/Documents/RINS/ROS2/install/local_setup.bash'
[4.832s] INFO:colcon.colcon_core.shell:Creating prefix chain script '/home/xi/Documents/RINS/ROS2/install/setup.bash'
[4.833s] INFO:colcon.colcon_core.shell:Creating prefix script '/home/xi/Documents/RINS/ROS2/install/local_setup.zsh'
[4.834s] INFO:colcon.colcon_core.shell:Creating prefix chain script '/home/xi/Documents/RINS/ROS2/install/setup.zsh'
